{"/Users/theGlenn/Developement/tenveux-back/lib/app.js":{"path":"/Users/theGlenn/Developement/tenveux-back/lib/app.js","s":{"1":1,"2":1,"3":1,"4":1,"5":1,"6":1,"7":1,"8":1,"9":1,"10":1,"11":1,"12":1,"13":1,"14":1,"15":1,"16":1,"17":1},"b":{},"f":{},"fnMap":{},"statementMap":{"1":{"start":{"line":9,"column":0},"end":{"line":13,"column":46}},"2":{"start":{"line":15,"column":0},"end":{"line":15,"column":35}},"3":{"start":{"line":16,"column":0},"end":{"line":16,"column":33}},"4":{"start":{"line":20,"column":0},"end":{"line":20,"column":40}},"5":{"start":{"line":21,"column":0},"end":{"line":21,"column":39}},"6":{"start":{"line":24,"column":0},"end":{"line":24,"column":35}},"7":{"start":{"line":26,"column":0},"end":{"line":26,"column":31}},"8":{"start":{"line":27,"column":0},"end":{"line":27,"column":33}},"9":{"start":{"line":30,"column":0},"end":{"line":30,"column":54}},"10":{"start":{"line":32,"column":0},"end":{"line":34,"column":4}},"11":{"start":{"line":35,"column":0},"end":{"line":35,"column":27}},"12":{"start":{"line":36,"column":0},"end":{"line":36,"column":18}},"13":{"start":{"line":38,"column":0},"end":{"line":38,"column":61}},"14":{"start":{"line":40,"column":0},"end":{"line":40,"column":21}},"15":{"start":{"line":41,"column":0},"end":{"line":41,"column":20}},"16":{"start":{"line":44,"column":0},"end":{"line":44,"column":28}},"17":{"start":{"line":49,"column":0},"end":{"line":49,"column":18}}},"branchMap":{}},"/Users/theGlenn/Developement/tenveux-back/lib/middlewares/bootstrap.js":{"path":"/Users/theGlenn/Developement/tenveux-back/lib/middlewares/bootstrap.js","s":{"1":1,"2":1,"3":17},"b":{},"f":{"1":1,"2":17},"fnMap":{"1":{"name":"(anonymous_1)","line":7,"loc":{"start":{"line":7,"column":17},"end":{"line":7,"column":29}}},"2":{"name":"(anonymous_2)","line":8,"loc":{"start":{"line":8,"column":8},"end":{"line":8,"column":34}}}},"statementMap":{"1":{"start":{"line":7,"column":0},"end":{"line":15,"column":2}},"2":{"start":{"line":8,"column":1},"end":{"line":14,"column":3}},"3":{"start":{"line":13,"column":2},"end":{"line":13,"column":9}}},"branchMap":{}},"/Users/theGlenn/Developement/tenveux-back/lib/middlewares/shutdown.js":{"path":"/Users/theGlenn/Developement/tenveux-back/lib/middlewares/shutdown.js","s":{"1":1,"2":1,"3":1,"4":17,"5":17},"b":{},"f":{"1":1,"2":17,"3":17},"fnMap":{"1":{"name":"(anonymous_1)","line":6,"loc":{"start":{"line":6,"column":17},"end":{"line":6,"column":29}}},"2":{"name":"(anonymous_2)","line":7,"loc":{"start":{"line":7,"column":8},"end":{"line":7,"column":34}}},"3":{"name":"(anonymous_3)","line":8,"loc":{"start":{"line":8,"column":19},"end":{"line":8,"column":31}}}},"statementMap":{"1":{"start":{"line":1,"column":0},"end":{"line":1,"column":35}},"2":{"start":{"line":6,"column":0},"end":{"line":14,"column":2}},"3":{"start":{"line":7,"column":1},"end":{"line":13,"column":3}},"4":{"start":{"line":8,"column":2},"end":{"line":10,"column":5}},"5":{"start":{"line":12,"column":2},"end":{"line":12,"column":9}}},"branchMap":{}},"/Users/theGlenn/Developement/tenveux-back/config/db.js":{"path":"/Users/theGlenn/Developement/tenveux-back/config/db.js","s":{"1":1},"b":{},"f":{},"fnMap":{},"statementMap":{"1":{"start":{"line":11,"column":0},"end":{"line":17,"column":2}}},"branchMap":{}},"/Users/theGlenn/Developement/tenveux-back/lib/router.js":{"path":"/Users/theGlenn/Developement/tenveux-back/lib/router.js","s":{"1":1,"2":1,"3":1,"4":1,"5":1,"6":1,"7":1,"8":1,"9":1,"10":1,"11":1,"12":1,"13":1,"14":1,"15":1,"16":1,"17":1,"18":1,"19":1,"20":1,"21":1,"22":1,"23":1,"24":1,"25":1,"26":1,"27":1,"28":1,"29":1,"30":1,"31":1,"32":1,"33":1,"34":1,"35":1,"36":1},"b":{},"f":{"1":1},"fnMap":{"1":{"name":"(anonymous_1)","line":20,"loc":{"start":{"line":20,"column":17},"end":{"line":20,"column":42}}}},"statementMap":{"1":{"start":{"line":1,"column":0},"end":{"line":1,"column":33}},"2":{"start":{"line":2,"column":0},"end":{"line":2,"column":54}},"3":{"start":{"line":3,"column":0},"end":{"line":3,"column":40}},"4":{"start":{"line":4,"column":0},"end":{"line":4,"column":31}},"5":{"start":{"line":6,"column":0},"end":{"line":6,"column":36}},"6":{"start":{"line":7,"column":0},"end":{"line":7,"column":50}},"7":{"start":{"line":8,"column":0},"end":{"line":8,"column":51}},"8":{"start":{"line":9,"column":0},"end":{"line":9,"column":65}},"9":{"start":{"line":10,"column":0},"end":{"line":10,"column":55}},"10":{"start":{"line":11,"column":0},"end":{"line":11,"column":53}},"11":{"start":{"line":13,"column":0},"end":{"line":13,"column":23}},"12":{"start":{"line":14,"column":0},"end":{"line":14,"column":36}},"13":{"start":{"line":16,"column":0},"end":{"line":16,"column":38}},"14":{"start":{"line":20,"column":0},"end":{"line":66,"column":2}},"15":{"start":{"line":22,"column":1},"end":{"line":22,"column":31}},"16":{"start":{"line":26,"column":1},"end":{"line":26,"column":46}},"17":{"start":{"line":27,"column":1},"end":{"line":27,"column":64}},"18":{"start":{"line":28,"column":1},"end":{"line":28,"column":71}},"19":{"start":{"line":29,"column":1},"end":{"line":29,"column":62}},"20":{"start":{"line":30,"column":1},"end":{"line":30,"column":61}},"21":{"start":{"line":31,"column":1},"end":{"line":31,"column":72}},"22":{"start":{"line":32,"column":1},"end":{"line":32,"column":80}},"23":{"start":{"line":33,"column":1},"end":{"line":33,"column":84}},"24":{"start":{"line":34,"column":1},"end":{"line":34,"column":86}},"25":{"start":{"line":35,"column":1},"end":{"line":35,"column":78}},"26":{"start":{"line":36,"column":1},"end":{"line":36,"column":79}},"27":{"start":{"line":37,"column":1},"end":{"line":37,"column":97}},"28":{"start":{"line":46,"column":1},"end":{"line":46,"column":72}},"29":{"start":{"line":47,"column":1},"end":{"line":47,"column":75}},"30":{"start":{"line":48,"column":1},"end":{"line":48,"column":84}},"31":{"start":{"line":50,"column":1},"end":{"line":50,"column":94}},"32":{"start":{"line":51,"column":1},"end":{"line":51,"column":80}},"33":{"start":{"line":52,"column":1},"end":{"line":52,"column":86}},"34":{"start":{"line":58,"column":1},"end":{"line":58,"column":84}},"35":{"start":{"line":62,"column":1},"end":{"line":62,"column":59}},"36":{"start":{"line":64,"column":1},"end":{"line":64,"column":44}}},"branchMap":{}},"/Users/theGlenn/Developement/tenveux-back/lib/middlewares/check-token.js":{"path":"/Users/theGlenn/Developement/tenveux-back/lib/middlewares/check-token.js","s":{"1":1,"2":1,"3":18,"4":6,"5":1,"6":5,"7":5,"8":0,"9":5,"10":5},"b":{"1":[1,5],"2":[0,5]},"f":{"1":18,"2":6,"3":5},"fnMap":{"1":{"name":"(anonymous_1)","line":3,"loc":{"start":{"line":3,"column":17},"end":{"line":3,"column":29}}},"2":{"name":"(anonymous_2)","line":4,"loc":{"start":{"line":4,"column":8},"end":{"line":4,"column":34}}},"3":{"name":"(anonymous_3)","line":9,"loc":{"start":{"line":9,"column":9},"end":{"line":9,"column":25}}}},"statementMap":{"1":{"start":{"line":1,"column":0},"end":{"line":1,"column":37}},"2":{"start":{"line":3,"column":0},"end":{"line":19,"column":2}},"3":{"start":{"line":4,"column":1},"end":{"line":19,"column":0}},"4":{"start":{"line":5,"column":2},"end":{"line":17,"column":3}},"5":{"start":{"line":6,"column":3},"end":{"line":6,"column":69}},"6":{"start":{"line":8,"column":3},"end":{"line":16,"column":6}},"7":{"start":{"line":10,"column":4},"end":{"line":15,"column":5}},"8":{"start":{"line":11,"column":5},"end":{"line":11,"column":67}},"9":{"start":{"line":13,"column":5},"end":{"line":13,"column":21}},"10":{"start":{"line":14,"column":5},"end":{"line":14,"column":12}}},"branchMap":{"1":{"line":5,"type":"if","locations":[{"start":{"line":5,"column":2},"end":{"line":5,"column":2}},{"start":{"line":5,"column":2},"end":{"line":5,"column":2}}]},"2":{"line":10,"type":"if","locations":[{"start":{"line":10,"column":4},"end":{"line":10,"column":4}},{"start":{"line":10,"column":4},"end":{"line":10,"column":4}}]}}},"/Users/theGlenn/Developement/tenveux-back/lib/models/user.js":{"path":"/Users/theGlenn/Developement/tenveux-back/lib/models/user.js","s":{"1":1,"2":1,"3":1,"4":1,"5":1,"6":25,"7":1},"b":{},"f":{"1":25},"fnMap":{"1":{"name":"(anonymous_1)","line":38,"loc":{"start":{"line":38,"column":25},"end":{"line":38,"column":37}}}},"statementMap":{"1":{"start":{"line":3,"column":0},"end":{"line":3,"column":35}},"2":{"start":{"line":4,"column":0},"end":{"line":4,"column":29}},"3":{"start":{"line":6,"column":0},"end":{"line":13,"column":2}},"4":{"start":{"line":15,"column":0},"end":{"line":36,"column":18}},"5":{"start":{"line":38,"column":0},"end":{"line":40,"column":3}},"6":{"start":{"line":39,"column":1},"end":{"line":39,"column":31}},"7":{"start":{"line":42,"column":0},"end":{"line":42,"column":48}}},"branchMap":{}},"/Users/theGlenn/Developement/tenveux-back/lib/models/proposition.js":{"path":"/Users/theGlenn/Developement/tenveux-back/lib/models/proposition.js","s":{"1":1,"2":1,"3":1,"4":1,"5":1,"6":4,"7":1},"b":{},"f":{"1":4},"fnMap":{"1":{"name":"(anonymous_1)","line":79,"loc":{"start":{"line":79,"column":25},"end":{"line":79,"column":37}}}},"statementMap":{"1":{"start":{"line":3,"column":0},"end":{"line":3,"column":35}},"2":{"start":{"line":4,"column":0},"end":{"line":4,"column":29}},"3":{"start":{"line":6,"column":0},"end":{"line":13,"column":2}},"4":{"start":{"line":15,"column":0},"end":{"line":76,"column":18}},"5":{"start":{"line":79,"column":0},"end":{"line":81,"column":3}},"6":{"start":{"line":80,"column":1},"end":{"line":80,"column":31}},"7":{"start":{"line":85,"column":0},"end":{"line":85,"column":55}}},"branchMap":{}},"/Users/theGlenn/Developement/tenveux-back/lib/controllers/user.js":{"path":"/Users/theGlenn/Developement/tenveux-back/lib/controllers/user.js","s":{"1":1,"2":1,"3":1,"4":1,"5":1,"6":1,"7":1,"8":1,"9":8,"10":8,"11":8,"12":8,"13":8,"14":8,"15":8,"16":0,"17":0,"18":0,"19":3,"20":3,"21":1,"22":2,"23":1,"24":1,"25":0,"26":0,"27":0,"28":0,"29":0,"30":0,"31":1,"32":1,"33":1,"34":1,"35":1,"36":1,"37":1,"38":0,"39":0,"40":0,"41":0,"42":0,"43":0,"44":0,"45":0,"46":0,"47":0,"48":0,"49":0,"50":0,"51":0,"52":0,"53":0,"54":0,"55":0,"56":0,"57":0,"58":0,"59":0,"60":0,"61":0,"62":0,"63":0,"64":2,"65":2,"66":0,"67":2,"68":1,"69":1,"70":0,"71":0,"72":0,"73":0,"74":0,"75":0,"76":0,"77":0},"b":{"1":[0,8],"2":[8,0],"3":[1,2],"4":[1,1],"5":[0,0],"6":[0,0],"7":[1,0],"8":[1,0],"9":[0,0],"10":[0,0],"11":[0,0],"12":[0,0],"13":[0,2],"14":[1,1],"15":[0,0],"16":[0,0]},"f":{"1":8,"2":8,"3":8,"4":0,"5":3,"6":3,"7":0,"8":0,"9":0,"10":1,"11":1,"12":0,"13":0,"14":0,"15":0,"16":0,"17":0,"18":0,"19":0,"20":0,"21":0,"22":0,"23":0,"24":0,"25":0,"26":0,"27":0,"28":2,"29":2,"30":0,"31":0,"32":0},"fnMap":{"1":{"name":"(anonymous_1)","line":19,"loc":{"start":{"line":19,"column":9},"end":{"line":19,"column":35}}},"2":{"name":"(anonymous_2)","line":23,"loc":{"start":{"line":23,"column":67},"end":{"line":23,"column":92}}},"3":{"name":"(anonymous_3)","line":31,"loc":{"start":{"line":31,"column":6},"end":{"line":31,"column":27}}},"4":{"name":"(anonymous_4)","line":48,"loc":{"start":{"line":48,"column":8},"end":{"line":48,"column":29}}},"5":{"name":"(anonymous_5)","line":71,"loc":{"start":{"line":71,"column":15},"end":{"line":71,"column":41}}},"6":{"name":"(anonymous_6)","line":74,"loc":{"start":{"line":74,"column":5},"end":{"line":74,"column":26}}},"7":{"name":"(anonymous_7)","line":96,"loc":{"start":{"line":96,"column":12},"end":{"line":96,"column":38}}},"8":{"name":"(anonymous_8)","line":101,"loc":{"start":{"line":101,"column":5},"end":{"line":101,"column":26}}},"9":{"name":"(anonymous_9)","line":109,"loc":{"start":{"line":109,"column":45},"end":{"line":109,"column":64}}},"10":{"name":"(anonymous_10)","line":125,"loc":{"start":{"line":125,"column":7},"end":{"line":125,"column":33}}},"11":{"name":"(anonymous_11)","line":130,"loc":{"start":{"line":130,"column":43},"end":{"line":130,"column":64}}},"12":{"name":"(anonymous_12)","line":151,"loc":{"start":{"line":151,"column":10},"end":{"line":151,"column":36}}},"13":{"name":"(anonymous_13)","line":156,"loc":{"start":{"line":156,"column":89},"end":{"line":156,"column":110}}},"14":{"name":"(anonymous_14)","line":165,"loc":{"start":{"line":165,"column":20},"end":{"line":165,"column":46}}},"15":{"name":"(anonymous_15)","line":168,"loc":{"start":{"line":168,"column":5},"end":{"line":168,"column":34}}},"16":{"name":"(anonymous_16)","line":173,"loc":{"start":{"line":173,"column":22},"end":{"line":173,"column":48}}},"17":{"name":"(anonymous_17)","line":185,"loc":{"start":{"line":185,"column":5},"end":{"line":185,"column":34}}},"18":{"name":"(anonymous_18)","line":191,"loc":{"start":{"line":191,"column":23},"end":{"line":191,"column":49}}},"19":{"name":"(anonymous_19)","line":194,"loc":{"start":{"line":194,"column":5},"end":{"line":194,"column":34}}},"20":{"name":"(anonymous_20)","line":200,"loc":{"start":{"line":200,"column":19},"end":{"line":200,"column":45}}},"21":{"name":"(anonymous_21)","line":204,"loc":{"start":{"line":204,"column":5},"end":{"line":204,"column":34}}},"22":{"name":"(anonymous_22)","line":209,"loc":{"start":{"line":209,"column":17},"end":{"line":209,"column":43}}},"23":{"name":"(anonymous_23)","line":212,"loc":{"start":{"line":212,"column":34},"end":{"line":212,"column":58}}},"24":{"name":"(anonymous_24)","line":217,"loc":{"start":{"line":217,"column":32},"end":{"line":217,"column":58}}},"25":{"name":"(anonymous_25)","line":231,"loc":{"start":{"line":231,"column":26},"end":{"line":231,"column":55}}},"26":{"name":"(anonymous_26)","line":235,"loc":{"start":{"line":235,"column":35},"end":{"line":235,"column":59}}},"27":{"name":"(anonymous_27)","line":239,"loc":{"start":{"line":239,"column":13},"end":{"line":239,"column":29}}},"28":{"name":"(anonymous_28)","line":260,"loc":{"start":{"line":260,"column":7},"end":{"line":260,"column":33}}},"29":{"name":"(anonymous_29)","line":265,"loc":{"start":{"line":265,"column":5},"end":{"line":265,"column":27}}},"30":{"name":"(anonymous_30)","line":289,"loc":{"start":{"line":289,"column":12},"end":{"line":289,"column":38}}},"31":{"name":"(anonymous_31)","line":292,"loc":{"start":{"line":292,"column":31},"end":{"line":292,"column":59}}},"32":{"name":"(anonymous_32)","line":298,"loc":{"start":{"line":298,"column":7},"end":{"line":298,"column":22}}}},"statementMap":{"1":{"start":{"line":1,"column":0},"end":{"line":1,"column":37}},"2":{"start":{"line":2,"column":0},"end":{"line":2,"column":51}},"3":{"start":{"line":3,"column":0},"end":{"line":3,"column":41}},"4":{"start":{"line":4,"column":0},"end":{"line":4,"column":32}},"5":{"start":{"line":5,"column":0},"end":{"line":5,"column":35}},"6":{"start":{"line":6,"column":0},"end":{"line":6,"column":43}},"7":{"start":{"line":7,"column":0},"end":{"line":7,"column":31}},"8":{"start":{"line":9,"column":0},"end":{"line":312,"column":2}},"9":{"start":{"line":20,"column":2},"end":{"line":20,"column":29}},"10":{"start":{"line":21,"column":2},"end":{"line":21,"column":31}},"11":{"start":{"line":23,"column":2},"end":{"line":60,"column":5}},"12":{"start":{"line":25,"column":3},"end":{"line":59,"column":6}},"13":{"start":{"line":32,"column":4},"end":{"line":34,"column":5}},"14":{"start":{"line":35,"column":4},"end":{"line":58,"column":5}},"15":{"start":{"line":36,"column":5},"end":{"line":43,"column":8}},"16":{"start":{"line":45,"column":5},"end":{"line":45,"column":31}},"17":{"start":{"line":46,"column":5},"end":{"line":57,"column":8}},"18":{"start":{"line":49,"column":6},"end":{"line":56,"column":9}},"19":{"start":{"line":72,"column":2},"end":{"line":93,"column":5}},"20":{"start":{"line":75,"column":3},"end":{"line":91,"column":4}},"21":{"start":{"line":76,"column":4},"end":{"line":78,"column":7}},"22":{"start":{"line":80,"column":4},"end":{"line":90,"column":5}},"23":{"start":{"line":81,"column":5},"end":{"line":83,"column":8}},"24":{"start":{"line":85,"column":5},"end":{"line":89,"column":8}},"25":{"start":{"line":97,"column":2},"end":{"line":115,"column":5}},"26":{"start":{"line":102,"column":3},"end":{"line":114,"column":4}},"27":{"start":{"line":103,"column":4},"end":{"line":103,"column":30}},"28":{"start":{"line":105,"column":4},"end":{"line":113,"column":7}},"29":{"start":{"line":110,"column":5},"end":{"line":112,"column":6}},"30":{"start":{"line":111,"column":6},"end":{"line":111,"column":33}},"31":{"start":{"line":126,"column":2},"end":{"line":126,"column":28}},"32":{"start":{"line":128,"column":2},"end":{"line":141,"column":5}},"33":{"start":{"line":132,"column":3},"end":{"line":140,"column":4}},"34":{"start":{"line":133,"column":4},"end":{"line":136,"column":5}},"35":{"start":{"line":134,"column":5},"end":{"line":134,"column":28}},"36":{"start":{"line":135,"column":5},"end":{"line":135,"column":28}},"37":{"start":{"line":137,"column":4},"end":{"line":137,"column":31}},"38":{"start":{"line":139,"column":4},"end":{"line":139,"column":30}},"39":{"start":{"line":152,"column":2},"end":{"line":154,"column":3}},"40":{"start":{"line":153,"column":3},"end":{"line":153,"column":19}},"41":{"start":{"line":156,"column":2},"end":{"line":162,"column":5}},"42":{"start":{"line":157,"column":3},"end":{"line":161,"column":4}},"43":{"start":{"line":158,"column":4},"end":{"line":158,"column":30}},"44":{"start":{"line":160,"column":4},"end":{"line":160,"column":39}},"45":{"start":{"line":166,"column":2},"end":{"line":171,"column":1}},"46":{"start":{"line":169,"column":3},"end":{"line":169,"column":38}},"47":{"start":{"line":174,"column":2},"end":{"line":189,"column":1}},"48":{"start":{"line":186,"column":3},"end":{"line":186,"column":29}},"49":{"start":{"line":187,"column":3},"end":{"line":187,"column":38}},"50":{"start":{"line":192,"column":2},"end":{"line":198,"column":1}},"51":{"start":{"line":196,"column":3},"end":{"line":196,"column":38}},"52":{"start":{"line":202,"column":2},"end":{"line":207,"column":1}},"53":{"start":{"line":205,"column":3},"end":{"line":205,"column":38}},"54":{"start":{"line":210,"column":2},"end":{"line":214,"column":5}},"55":{"start":{"line":213,"column":3},"end":{"line":213,"column":33}},"56":{"start":{"line":218,"column":2},"end":{"line":229,"column":4}},"57":{"start":{"line":231,"column":2},"end":{"line":251,"column":1}},"58":{"start":{"line":232,"column":3},"end":{"line":249,"column":6}},"59":{"start":{"line":236,"column":4},"end":{"line":236,"column":43}},"60":{"start":{"line":239,"column":4},"end":{"line":245,"column":4}},"61":{"start":{"line":240,"column":5},"end":{"line":242,"column":6}},"62":{"start":{"line":241,"column":6},"end":{"line":241,"column":41}},"63":{"start":{"line":245,"column":4},"end":{"line":248,"column":7}},"64":{"start":{"line":261,"column":2},"end":{"line":277,"column":5}},"65":{"start":{"line":266,"column":3},"end":{"line":276,"column":4}},"66":{"start":{"line":267,"column":4},"end":{"line":267,"column":30}},"67":{"start":{"line":269,"column":4},"end":{"line":275,"column":5}},"68":{"start":{"line":270,"column":5},"end":{"line":272,"column":8}},"69":{"start":{"line":274,"column":5},"end":{"line":274,"column":33}},"70":{"start":{"line":290,"column":2},"end":{"line":290,"column":39}},"71":{"start":{"line":292,"column":2},"end":{"line":310,"column":5}},"72":{"start":{"line":293,"column":3},"end":{"line":309,"column":4}},"73":{"start":{"line":294,"column":4},"end":{"line":306,"column":7}},"74":{"start":{"line":299,"column":5},"end":{"line":305,"column":6}},"75":{"start":{"line":300,"column":6},"end":{"line":300,"column":32}},"76":{"start":{"line":302,"column":6},"end":{"line":304,"column":9}},"77":{"start":{"line":308,"column":4},"end":{"line":308,"column":30}}},"branchMap":{"1":{"line":32,"type":"if","locations":[{"start":{"line":32,"column":4},"end":{"line":32,"column":4}},{"start":{"line":32,"column":4},"end":{"line":32,"column":4}}]},"2":{"line":35,"type":"if","locations":[{"start":{"line":35,"column":4},"end":{"line":35,"column":4}},{"start":{"line":35,"column":4},"end":{"line":35,"column":4}}]},"3":{"line":75,"type":"if","locations":[{"start":{"line":75,"column":3},"end":{"line":75,"column":3}},{"start":{"line":75,"column":3},"end":{"line":75,"column":3}}]},"4":{"line":80,"type":"if","locations":[{"start":{"line":80,"column":4},"end":{"line":80,"column":4}},{"start":{"line":80,"column":4},"end":{"line":80,"column":4}}]},"5":{"line":102,"type":"if","locations":[{"start":{"line":102,"column":3},"end":{"line":102,"column":3}},{"start":{"line":102,"column":3},"end":{"line":102,"column":3}}]},"6":{"line":110,"type":"if","locations":[{"start":{"line":110,"column":5},"end":{"line":110,"column":5}},{"start":{"line":110,"column":5},"end":{"line":110,"column":5}}]},"7":{"line":132,"type":"if","locations":[{"start":{"line":132,"column":3},"end":{"line":132,"column":3}},{"start":{"line":132,"column":3},"end":{"line":132,"column":3}}]},"8":{"line":133,"type":"if","locations":[{"start":{"line":133,"column":4},"end":{"line":133,"column":4}},{"start":{"line":133,"column":4},"end":{"line":133,"column":4}}]},"9":{"line":152,"type":"if","locations":[{"start":{"line":152,"column":2},"end":{"line":152,"column":2}},{"start":{"line":152,"column":2},"end":{"line":152,"column":2}}]},"10":{"line":157,"type":"if","locations":[{"start":{"line":157,"column":3},"end":{"line":157,"column":3}},{"start":{"line":157,"column":3},"end":{"line":157,"column":3}}]},"11":{"line":240,"type":"if","locations":[{"start":{"line":240,"column":5},"end":{"line":240,"column":5}},{"start":{"line":240,"column":5},"end":{"line":240,"column":5}}]},"12":{"line":240,"type":"binary-expr","locations":[{"start":{"line":240,"column":9},"end":{"line":240,"column":26}},{"start":{"line":240,"column":30},"end":{"line":240,"column":47}}]},"13":{"line":266,"type":"if","locations":[{"start":{"line":266,"column":3},"end":{"line":266,"column":3}},{"start":{"line":266,"column":3},"end":{"line":266,"column":3}}]},"14":{"line":269,"type":"if","locations":[{"start":{"line":269,"column":4},"end":{"line":269,"column":4}},{"start":{"line":269,"column":4},"end":{"line":269,"column":4}}]},"15":{"line":293,"type":"if","locations":[{"start":{"line":293,"column":3},"end":{"line":293,"column":3}},{"start":{"line":293,"column":3},"end":{"line":293,"column":3}}]},"16":{"line":299,"type":"if","locations":[{"start":{"line":299,"column":5},"end":{"line":299,"column":5}},{"start":{"line":299,"column":5},"end":{"line":299,"column":5}}]}}},"/Users/theGlenn/Developement/tenveux-back/lib/models/answer.js":{"path":"/Users/theGlenn/Developement/tenveux-back/lib/models/answer.js","s":{"1":1,"2":1,"3":1,"4":1,"5":1,"6":0,"7":1},"b":{},"f":{"1":0},"fnMap":{"1":{"name":"(anonymous_1)","line":24,"loc":{"start":{"line":24,"column":25},"end":{"line":24,"column":37}}}},"statementMap":{"1":{"start":{"line":3,"column":0},"end":{"line":3,"column":35}},"2":{"start":{"line":4,"column":0},"end":{"line":4,"column":29}},"3":{"start":{"line":6,"column":0},"end":{"line":13,"column":2}},"4":{"start":{"line":15,"column":0},"end":{"line":22,"column":18}},"5":{"start":{"line":24,"column":0},"end":{"line":26,"column":3}},"6":{"start":{"line":25,"column":1},"end":{"line":25,"column":31}},"7":{"start":{"line":29,"column":0},"end":{"line":29,"column":50}}},"branchMap":{}},"/Users/theGlenn/Developement/tenveux-back/lib/util/security.js":{"path":"/Users/theGlenn/Developement/tenveux-back/lib/util/security.js","s":{"1":1,"2":1,"3":8,"4":8,"5":8,"6":8},"b":{},"f":{"1":8,"2":8},"fnMap":{"1":{"name":"(anonymous_1)","line":6,"loc":{"start":{"line":6,"column":7},"end":{"line":6,"column":19}}},"2":{"name":"(anonymous_2)","line":12,"loc":{"start":{"line":12,"column":8},"end":{"line":12,"column":28}}}},"statementMap":{"1":{"start":{"line":1,"column":0},"end":{"line":1,"column":31}},"2":{"start":{"line":3,"column":0},"end":{"line":16,"column":2}},"3":{"start":{"line":7,"column":2},"end":{"line":7,"column":37}},"4":{"start":{"line":8,"column":2},"end":{"line":8,"column":75}},"5":{"start":{"line":13,"column":2},"end":{"line":13,"column":37}},"6":{"start":{"line":14,"column":2},"end":{"line":14,"column":75}}},"branchMap":{}},"/Users/theGlenn/Developement/tenveux-back/lib/controllers/proposition.js":{"path":"/Users/theGlenn/Developement/tenveux-back/lib/controllers/proposition.js","s":{"1":1,"2":1,"3":1,"4":1,"5":2,"6":2,"7":2,"8":2,"9":2,"10":2,"11":1,"12":1,"13":2,"14":2,"15":2,"16":2,"17":2,"18":0,"19":0,"20":0,"21":0,"22":0,"23":0,"24":0,"25":0,"26":0,"27":0,"28":0,"29":0,"30":0,"31":0,"32":0,"33":0,"34":0,"35":0,"36":0,"37":0,"38":0,"39":0,"40":0,"41":0,"42":0,"43":0,"44":0,"45":0,"46":0,"47":0,"48":0,"49":0,"50":0,"51":0,"52":0,"53":0,"54":0,"55":0,"56":0,"57":0},"b":{"1":[2,0],"2":[1,0],"3":[2,0],"4":[2,0],"5":[0,0],"6":[0,0],"7":[0,0],"8":[0,0],"9":[0,0],"10":[0,0],"11":[0,0],"12":[0,0]},"f":{"1":2,"2":1,"3":2,"4":2,"5":0,"6":0,"7":0,"8":0,"9":0,"10":0,"11":0,"12":0,"13":0,"14":0,"15":0,"16":0,"17":0},"fnMap":{"1":{"name":"(anonymous_1)","line":18,"loc":{"start":{"line":18,"column":7},"end":{"line":18,"column":33}}},"2":{"name":"(anonymous_2)","line":40,"loc":{"start":{"line":40,"column":6},"end":{"line":40,"column":21}}},"3":{"name":"(anonymous_3)","line":49,"loc":{"start":{"line":49,"column":27},"end":{"line":49,"column":55}}},"4":{"name":"(anonymous_4)","line":55,"loc":{"start":{"line":55,"column":7},"end":{"line":55,"column":28}}},"5":{"name":"(anonymous_5)","line":121,"loc":{"start":{"line":121,"column":7},"end":{"line":121,"column":33}}},"6":{"name":"(anonymous_6)","line":132,"loc":{"start":{"line":132,"column":5},"end":{"line":132,"column":33}}},"7":{"name":"(anonymous_7)","line":138,"loc":{"start":{"line":138,"column":7},"end":{"line":138,"column":22}}},"8":{"name":"(anonymous_8)","line":151,"loc":{"start":{"line":151,"column":28},"end":{"line":151,"column":51}}},"9":{"name":"(anonymous_9)","line":177,"loc":{"start":{"line":177,"column":10},"end":{"line":177,"column":36}}},"10":{"name":"(anonymous_10)","line":184,"loc":{"start":{"line":184,"column":5},"end":{"line":184,"column":33}}},"11":{"name":"(anonymous_11)","line":194,"loc":{"start":{"line":194,"column":26},"end":{"line":194,"column":49}}},"12":{"name":"(anonymous_12)","line":218,"loc":{"start":{"line":218,"column":7},"end":{"line":218,"column":33}}},"13":{"name":"(anonymous_13)","line":221,"loc":{"start":{"line":221,"column":64},"end":{"line":221,"column":92}}},"14":{"name":"(anonymous_14)","line":237,"loc":{"start":{"line":237,"column":14},"end":{"line":237,"column":40}}},"15":{"name":"(anonymous_15)","line":242,"loc":{"start":{"line":242,"column":5},"end":{"line":242,"column":33}}},"16":{"name":"(anonymous_16)","line":259,"loc":{"start":{"line":259,"column":9},"end":{"line":259,"column":35}}},"17":{"name":"(anonymous_17)","line":262,"loc":{"start":{"line":262,"column":27},"end":{"line":262,"column":55}}}},"statementMap":{"1":{"start":{"line":1,"column":0},"end":{"line":1,"column":51}},"2":{"start":{"line":2,"column":0},"end":{"line":2,"column":41}},"3":{"start":{"line":3,"column":0},"end":{"line":3,"column":37}},"4":{"start":{"line":5,"column":0},"end":{"line":270,"column":2}},"5":{"start":{"line":19,"column":2},"end":{"line":19,"column":22}},"6":{"start":{"line":21,"column":2},"end":{"line":26,"column":4}},"7":{"start":{"line":28,"column":2},"end":{"line":28,"column":38}},"8":{"start":{"line":33,"column":2},"end":{"line":46,"column":3}},"9":{"start":{"line":34,"column":3},"end":{"line":34,"column":63}},"10":{"start":{"line":36,"column":3},"end":{"line":45,"column":6}},"11":{"start":{"line":41,"column":4},"end":{"line":44,"column":5}},"12":{"start":{"line":42,"column":5},"end":{"line":42,"column":37}},"13":{"start":{"line":49,"column":2},"end":{"line":73,"column":5}},"14":{"start":{"line":50,"column":3},"end":{"line":68,"column":4}},"15":{"start":{"line":51,"column":4},"end":{"line":66,"column":7}},"16":{"start":{"line":56,"column":5},"end":{"line":62,"column":6}},"17":{"start":{"line":57,"column":6},"end":{"line":60,"column":9}},"18":{"start":{"line":122,"column":2},"end":{"line":122,"column":28}},"19":{"start":{"line":124,"column":2},"end":{"line":124,"column":30}},"20":{"start":{"line":125,"column":2},"end":{"line":125,"column":21}},"21":{"start":{"line":127,"column":2},"end":{"line":166,"column":5}},"22":{"start":{"line":133,"column":3},"end":{"line":165,"column":4}},"23":{"start":{"line":134,"column":4},"end":{"line":162,"column":7}},"24":{"start":{"line":139,"column":5},"end":{"line":161,"column":6}},"25":{"start":{"line":140,"column":6},"end":{"line":140,"column":32}},"26":{"start":{"line":144,"column":6},"end":{"line":149,"column":8}},"27":{"start":{"line":151,"column":6},"end":{"line":160,"column":9}},"28":{"start":{"line":152,"column":7},"end":{"line":159,"column":8}},"29":{"start":{"line":153,"column":8},"end":{"line":153,"column":34}},"30":{"start":{"line":155,"column":8},"end":{"line":158,"column":11}},"31":{"start":{"line":164,"column":4},"end":{"line":164,"column":30}},"32":{"start":{"line":178,"column":2},"end":{"line":178,"column":28}},"33":{"start":{"line":180,"column":2},"end":{"line":208,"column":5}},"34":{"start":{"line":185,"column":3},"end":{"line":207,"column":4}},"35":{"start":{"line":187,"column":4},"end":{"line":192,"column":6}},"36":{"start":{"line":194,"column":4},"end":{"line":203,"column":7}},"37":{"start":{"line":195,"column":5},"end":{"line":202,"column":6}},"38":{"start":{"line":196,"column":6},"end":{"line":196,"column":32}},"39":{"start":{"line":198,"column":6},"end":{"line":201,"column":9}},"40":{"start":{"line":206,"column":4},"end":{"line":206,"column":30}},"41":{"start":{"line":219,"column":2},"end":{"line":219,"column":28}},"42":{"start":{"line":221,"column":2},"end":{"line":227,"column":5}},"43":{"start":{"line":222,"column":3},"end":{"line":226,"column":4}},"44":{"start":{"line":223,"column":4},"end":{"line":223,"column":38}},"45":{"start":{"line":225,"column":4},"end":{"line":225,"column":30}},"46":{"start":{"line":238,"column":2},"end":{"line":238,"column":28}},"47":{"start":{"line":239,"column":2},"end":{"line":239,"column":23}},"48":{"start":{"line":240,"column":2},"end":{"line":249,"column":5}},"49":{"start":{"line":243,"column":3},"end":{"line":248,"column":4}},"50":{"start":{"line":244,"column":4},"end":{"line":244,"column":38}},"51":{"start":{"line":246,"column":4},"end":{"line":246,"column":21}},"52":{"start":{"line":247,"column":4},"end":{"line":247,"column":30}},"53":{"start":{"line":260,"column":2},"end":{"line":260,"column":28}},"54":{"start":{"line":262,"column":2},"end":{"line":268,"column":5}},"55":{"start":{"line":263,"column":3},"end":{"line":267,"column":4}},"56":{"start":{"line":264,"column":4},"end":{"line":264,"column":33}},"57":{"start":{"line":266,"column":4},"end":{"line":266,"column":30}}},"branchMap":{"1":{"line":33,"type":"if","locations":[{"start":{"line":33,"column":2},"end":{"line":33,"column":2}},{"start":{"line":33,"column":2},"end":{"line":33,"column":2}}]},"2":{"line":41,"type":"if","locations":[{"start":{"line":41,"column":4},"end":{"line":41,"column":4}},{"start":{"line":41,"column":4},"end":{"line":41,"column":4}}]},"3":{"line":50,"type":"if","locations":[{"start":{"line":50,"column":3},"end":{"line":50,"column":3}},{"start":{"line":50,"column":3},"end":{"line":50,"column":3}}]},"4":{"line":56,"type":"if","locations":[{"start":{"line":56,"column":5},"end":{"line":56,"column":5}},{"start":{"line":56,"column":5},"end":{"line":56,"column":5}}]},"5":{"line":133,"type":"if","locations":[{"start":{"line":133,"column":3},"end":{"line":133,"column":3}},{"start":{"line":133,"column":3},"end":{"line":133,"column":3}}]},"6":{"line":139,"type":"if","locations":[{"start":{"line":139,"column":5},"end":{"line":139,"column":5}},{"start":{"line":139,"column":5},"end":{"line":139,"column":5}}]},"7":{"line":152,"type":"if","locations":[{"start":{"line":152,"column":7},"end":{"line":152,"column":7}},{"start":{"line":152,"column":7},"end":{"line":152,"column":7}}]},"8":{"line":185,"type":"if","locations":[{"start":{"line":185,"column":3},"end":{"line":185,"column":3}},{"start":{"line":185,"column":3},"end":{"line":185,"column":3}}]},"9":{"line":195,"type":"if","locations":[{"start":{"line":195,"column":5},"end":{"line":195,"column":5}},{"start":{"line":195,"column":5},"end":{"line":195,"column":5}}]},"10":{"line":222,"type":"if","locations":[{"start":{"line":222,"column":3},"end":{"line":222,"column":3}},{"start":{"line":222,"column":3},"end":{"line":222,"column":3}}]},"11":{"line":243,"type":"if","locations":[{"start":{"line":243,"column":3},"end":{"line":243,"column":3}},{"start":{"line":243,"column":3},"end":{"line":243,"column":3}}]},"12":{"line":263,"type":"if","locations":[{"start":{"line":263,"column":3},"end":{"line":263,"column":3}},{"start":{"line":263,"column":3},"end":{"line":263,"column":3}}]}}},"/Users/theGlenn/Developement/tenveux-back/lib/controllers/answer.js":{"path":"/Users/theGlenn/Developement/tenveux-back/lib/controllers/answer.js","s":{"1":1,"2":1,"3":1,"4":1,"5":0,"6":0,"7":0,"8":0},"b":{"1":[0,0]},"f":{"1":0,"2":0},"fnMap":{"1":{"name":"(anonymous_1)","line":14,"loc":{"start":{"line":14,"column":14},"end":{"line":14,"column":40}}},"2":{"name":"(anonymous_2)","line":15,"loc":{"start":{"line":15,"column":69},"end":{"line":15,"column":92}}}},"statementMap":{"1":{"start":{"line":1,"column":0},"end":{"line":1,"column":51}},"2":{"start":{"line":2,"column":0},"end":{"line":2,"column":41}},"3":{"start":{"line":3,"column":0},"end":{"line":3,"column":37}},"4":{"start":{"line":5,"column":0},"end":{"line":23,"column":2}},"5":{"start":{"line":15,"column":2},"end":{"line":21,"column":5}},"6":{"start":{"line":16,"column":3},"end":{"line":20,"column":4}},"7":{"start":{"line":17,"column":4},"end":{"line":17,"column":68}},"8":{"start":{"line":19,"column":4},"end":{"line":19,"column":61}}},"branchMap":{"1":{"line":16,"type":"if","locations":[{"start":{"line":16,"column":3},"end":{"line":16,"column":3}},{"start":{"line":16,"column":3},"end":{"line":16,"column":3}}]}}},"/Users/theGlenn/Developement/tenveux-back/lib/controllers/media.js":{"path":"/Users/theGlenn/Developement/tenveux-back/lib/controllers/media.js","s":{"1":1,"2":0,"3":0,"4":0,"5":0,"6":0,"7":0,"8":0,"9":0,"10":0,"11":0,"12":0,"13":0,"14":1},"b":{},"f":{"1":0,"2":0,"3":0},"fnMap":{"1":{"name":"(anonymous_1)","line":2,"loc":{"start":{"line":2,"column":9},"end":{"line":2,"column":35}}},"2":{"name":"(anonymous_2)","line":6,"loc":{"start":{"line":6,"column":24},"end":{"line":6,"column":61}}},"3":{"name":"(anonymous_3)","line":15,"loc":{"start":{"line":15,"column":23},"end":{"line":15,"column":35}}}},"statementMap":{"1":{"start":{"line":1,"column":0},"end":{"line":25,"column":0}},"2":{"start":{"line":3,"column":2},"end":{"line":3,"column":14}},"3":{"start":{"line":4,"column":2},"end":{"line":4,"column":37}},"4":{"start":{"line":5,"column":2},"end":{"line":5,"column":23}},"5":{"start":{"line":6,"column":2},"end":{"line":21,"column":5}},"6":{"start":{"line":7,"column":3},"end":{"line":7,"column":22}},"7":{"start":{"line":8,"column":3},"end":{"line":8,"column":73}},"8":{"start":{"line":10,"column":3},"end":{"line":10,"column":41}},"9":{"start":{"line":12,"column":3},"end":{"line":12,"column":48}},"10":{"start":{"line":13,"column":3},"end":{"line":13,"column":40}},"11":{"start":{"line":14,"column":3},"end":{"line":14,"column":22}},"12":{"start":{"line":15,"column":3},"end":{"line":20,"column":6}},"13":{"start":{"line":16,"column":4},"end":{"line":19,"column":7}},"14":{"start":{"line":25,"column":0},"end":{"line":25,"column":33}}},"branchMap":{}},"/Users/theGlenn/Developement/tenveux-back/config/url.js":{"path":"/Users/theGlenn/Developement/tenveux-back/config/url.js","s":{"1":1},"b":{},"f":{},"fnMap":{},"statementMap":{"1":{"start":{"line":1,"column":0},"end":{"line":3,"column":2}}},"branchMap":{}}}