{"/Users/theGlenn/Developement/tenveux-back/lib/app.js":{"path":"/Users/theGlenn/Developement/tenveux-back/lib/app.js","s":{"1":1,"2":1,"3":1,"4":1,"5":1,"6":1,"7":1,"8":1,"9":1,"10":1,"11":1,"12":1,"13":1,"14":1,"15":1,"16":1,"17":1},"b":{},"f":{},"fnMap":{},"statementMap":{"1":{"start":{"line":9,"column":0},"end":{"line":13,"column":46}},"2":{"start":{"line":15,"column":0},"end":{"line":15,"column":35}},"3":{"start":{"line":16,"column":0},"end":{"line":16,"column":33}},"4":{"start":{"line":20,"column":0},"end":{"line":20,"column":40}},"5":{"start":{"line":21,"column":0},"end":{"line":21,"column":39}},"6":{"start":{"line":24,"column":0},"end":{"line":24,"column":35}},"7":{"start":{"line":26,"column":0},"end":{"line":26,"column":31}},"8":{"start":{"line":27,"column":0},"end":{"line":27,"column":33}},"9":{"start":{"line":30,"column":0},"end":{"line":30,"column":54}},"10":{"start":{"line":32,"column":0},"end":{"line":34,"column":4}},"11":{"start":{"line":35,"column":0},"end":{"line":35,"column":27}},"12":{"start":{"line":36,"column":0},"end":{"line":36,"column":18}},"13":{"start":{"line":38,"column":0},"end":{"line":38,"column":61}},"14":{"start":{"line":40,"column":0},"end":{"line":40,"column":21}},"15":{"start":{"line":41,"column":0},"end":{"line":41,"column":20}},"16":{"start":{"line":44,"column":0},"end":{"line":44,"column":28}},"17":{"start":{"line":49,"column":0},"end":{"line":49,"column":18}}},"branchMap":{}},"/Users/theGlenn/Developement/tenveux-back/lib/middlewares/bootstrap.js":{"path":"/Users/theGlenn/Developement/tenveux-back/lib/middlewares/bootstrap.js","s":{"1":1,"2":1,"3":14},"b":{},"f":{"1":1,"2":14},"fnMap":{"1":{"name":"(anonymous_1)","line":7,"loc":{"start":{"line":7,"column":17},"end":{"line":7,"column":29}}},"2":{"name":"(anonymous_2)","line":8,"loc":{"start":{"line":8,"column":8},"end":{"line":8,"column":34}}}},"statementMap":{"1":{"start":{"line":7,"column":0},"end":{"line":15,"column":2}},"2":{"start":{"line":8,"column":1},"end":{"line":14,"column":3}},"3":{"start":{"line":13,"column":2},"end":{"line":13,"column":9}}},"branchMap":{}},"/Users/theGlenn/Developement/tenveux-back/lib/middlewares/shutdown.js":{"path":"/Users/theGlenn/Developement/tenveux-back/lib/middlewares/shutdown.js","s":{"1":1,"2":1,"3":1,"4":14,"5":14},"b":{},"f":{"1":1,"2":14,"3":14},"fnMap":{"1":{"name":"(anonymous_1)","line":6,"loc":{"start":{"line":6,"column":17},"end":{"line":6,"column":29}}},"2":{"name":"(anonymous_2)","line":7,"loc":{"start":{"line":7,"column":8},"end":{"line":7,"column":34}}},"3":{"name":"(anonymous_3)","line":8,"loc":{"start":{"line":8,"column":19},"end":{"line":8,"column":31}}}},"statementMap":{"1":{"start":{"line":1,"column":0},"end":{"line":1,"column":35}},"2":{"start":{"line":6,"column":0},"end":{"line":14,"column":2}},"3":{"start":{"line":7,"column":1},"end":{"line":13,"column":3}},"4":{"start":{"line":8,"column":2},"end":{"line":10,"column":5}},"5":{"start":{"line":12,"column":2},"end":{"line":12,"column":9}}},"branchMap":{}},"/Users/theGlenn/Developement/tenveux-back/config/db.js":{"path":"/Users/theGlenn/Developement/tenveux-back/config/db.js","s":{"1":1},"b":{},"f":{},"fnMap":{},"statementMap":{"1":{"start":{"line":11,"column":0},"end":{"line":17,"column":2}}},"branchMap":{}},"/Users/theGlenn/Developement/tenveux-back/lib/router.js":{"path":"/Users/theGlenn/Developement/tenveux-back/lib/router.js","s":{"1":1,"2":1,"3":1,"4":1,"5":1,"6":1,"7":1,"8":1,"9":1,"10":1,"11":1,"12":1,"13":1,"14":1,"15":1,"16":1,"17":1,"18":1,"19":1,"20":1,"21":1,"22":1,"23":1,"24":1,"25":1,"26":1,"27":1,"28":1,"29":1,"30":1,"31":1,"32":1,"33":1,"34":1,"35":1,"36":1},"b":{},"f":{"1":1},"fnMap":{"1":{"name":"(anonymous_1)","line":20,"loc":{"start":{"line":20,"column":17},"end":{"line":20,"column":42}}}},"statementMap":{"1":{"start":{"line":1,"column":0},"end":{"line":1,"column":33}},"2":{"start":{"line":2,"column":0},"end":{"line":2,"column":54}},"3":{"start":{"line":3,"column":0},"end":{"line":3,"column":40}},"4":{"start":{"line":4,"column":0},"end":{"line":4,"column":31}},"5":{"start":{"line":6,"column":0},"end":{"line":6,"column":36}},"6":{"start":{"line":7,"column":0},"end":{"line":7,"column":50}},"7":{"start":{"line":8,"column":0},"end":{"line":8,"column":51}},"8":{"start":{"line":9,"column":0},"end":{"line":9,"column":65}},"9":{"start":{"line":10,"column":0},"end":{"line":10,"column":55}},"10":{"start":{"line":11,"column":0},"end":{"line":11,"column":53}},"11":{"start":{"line":13,"column":0},"end":{"line":13,"column":23}},"12":{"start":{"line":14,"column":0},"end":{"line":14,"column":36}},"13":{"start":{"line":16,"column":0},"end":{"line":16,"column":38}},"14":{"start":{"line":20,"column":0},"end":{"line":64,"column":2}},"15":{"start":{"line":22,"column":1},"end":{"line":22,"column":31}},"16":{"start":{"line":26,"column":1},"end":{"line":26,"column":46}},"17":{"start":{"line":27,"column":1},"end":{"line":27,"column":64}},"18":{"start":{"line":28,"column":1},"end":{"line":28,"column":71}},"19":{"start":{"line":29,"column":1},"end":{"line":29,"column":62}},"20":{"start":{"line":30,"column":1},"end":{"line":30,"column":61}},"21":{"start":{"line":31,"column":1},"end":{"line":31,"column":72}},"22":{"start":{"line":32,"column":1},"end":{"line":32,"column":80}},"23":{"start":{"line":33,"column":1},"end":{"line":33,"column":84}},"24":{"start":{"line":34,"column":1},"end":{"line":34,"column":86}},"25":{"start":{"line":35,"column":1},"end":{"line":35,"column":78}},"26":{"start":{"line":36,"column":1},"end":{"line":36,"column":79}},"27":{"start":{"line":37,"column":1},"end":{"line":37,"column":97}},"28":{"start":{"line":46,"column":1},"end":{"line":46,"column":72}},"29":{"start":{"line":47,"column":1},"end":{"line":47,"column":75}},"30":{"start":{"line":48,"column":1},"end":{"line":48,"column":94}},"31":{"start":{"line":49,"column":1},"end":{"line":49,"column":80}},"32":{"start":{"line":50,"column":1},"end":{"line":50,"column":86}},"33":{"start":{"line":51,"column":1},"end":{"line":51,"column":84}},"34":{"start":{"line":56,"column":1},"end":{"line":56,"column":84}},"35":{"start":{"line":60,"column":1},"end":{"line":60,"column":59}},"36":{"start":{"line":62,"column":1},"end":{"line":62,"column":44}}},"branchMap":{}},"/Users/theGlenn/Developement/tenveux-back/lib/middlewares/check-token.js":{"path":"/Users/theGlenn/Developement/tenveux-back/lib/middlewares/check-token.js","s":{"1":1,"2":1,"3":18,"4":6,"5":1,"6":5,"7":5,"8":0,"9":5,"10":5},"b":{"1":[1,5],"2":[0,5]},"f":{"1":18,"2":6,"3":5},"fnMap":{"1":{"name":"(anonymous_1)","line":3,"loc":{"start":{"line":3,"column":17},"end":{"line":3,"column":29}}},"2":{"name":"(anonymous_2)","line":4,"loc":{"start":{"line":4,"column":8},"end":{"line":4,"column":34}}},"3":{"name":"(anonymous_3)","line":9,"loc":{"start":{"line":9,"column":9},"end":{"line":9,"column":25}}}},"statementMap":{"1":{"start":{"line":1,"column":0},"end":{"line":1,"column":37}},"2":{"start":{"line":3,"column":0},"end":{"line":19,"column":2}},"3":{"start":{"line":4,"column":1},"end":{"line":19,"column":0}},"4":{"start":{"line":5,"column":2},"end":{"line":17,"column":3}},"5":{"start":{"line":6,"column":3},"end":{"line":6,"column":69}},"6":{"start":{"line":8,"column":3},"end":{"line":16,"column":6}},"7":{"start":{"line":10,"column":4},"end":{"line":15,"column":5}},"8":{"start":{"line":11,"column":5},"end":{"line":11,"column":67}},"9":{"start":{"line":13,"column":5},"end":{"line":13,"column":21}},"10":{"start":{"line":14,"column":5},"end":{"line":14,"column":12}}},"branchMap":{"1":{"line":5,"type":"if","locations":[{"start":{"line":5,"column":2},"end":{"line":5,"column":2}},{"start":{"line":5,"column":2},"end":{"line":5,"column":2}}]},"2":{"line":10,"type":"if","locations":[{"start":{"line":10,"column":4},"end":{"line":10,"column":4}},{"start":{"line":10,"column":4},"end":{"line":10,"column":4}}]}}},"/Users/theGlenn/Developement/tenveux-back/lib/models/user.js":{"path":"/Users/theGlenn/Developement/tenveux-back/lib/models/user.js","s":{"1":1,"2":1,"3":1,"4":1,"5":1,"6":21,"7":1},"b":{},"f":{"1":21},"fnMap":{"1":{"name":"(anonymous_1)","line":37,"loc":{"start":{"line":37,"column":25},"end":{"line":37,"column":37}}}},"statementMap":{"1":{"start":{"line":3,"column":0},"end":{"line":3,"column":35}},"2":{"start":{"line":4,"column":0},"end":{"line":4,"column":29}},"3":{"start":{"line":6,"column":0},"end":{"line":13,"column":2}},"4":{"start":{"line":15,"column":0},"end":{"line":35,"column":18}},"5":{"start":{"line":37,"column":0},"end":{"line":39,"column":3}},"6":{"start":{"line":38,"column":1},"end":{"line":38,"column":31}},"7":{"start":{"line":41,"column":0},"end":{"line":41,"column":48}}},"branchMap":{}},"/Users/theGlenn/Developement/tenveux-back/lib/models/proposition.js":{"path":"/Users/theGlenn/Developement/tenveux-back/lib/models/proposition.js","s":{"1":1,"2":1,"3":1,"4":1,"5":1,"6":2,"7":1},"b":{},"f":{"1":2},"fnMap":{"1":{"name":"(anonymous_1)","line":79,"loc":{"start":{"line":79,"column":25},"end":{"line":79,"column":37}}}},"statementMap":{"1":{"start":{"line":3,"column":0},"end":{"line":3,"column":35}},"2":{"start":{"line":4,"column":0},"end":{"line":4,"column":29}},"3":{"start":{"line":6,"column":0},"end":{"line":13,"column":2}},"4":{"start":{"line":15,"column":0},"end":{"line":76,"column":18}},"5":{"start":{"line":79,"column":0},"end":{"line":81,"column":3}},"6":{"start":{"line":80,"column":1},"end":{"line":80,"column":31}},"7":{"start":{"line":85,"column":0},"end":{"line":85,"column":55}}},"branchMap":{}},"/Users/theGlenn/Developement/tenveux-back/lib/controllers/user.js":{"path":"/Users/theGlenn/Developement/tenveux-back/lib/controllers/user.js","s":{"1":1,"2":1,"3":1,"4":1,"5":1,"6":1,"7":1,"8":1,"9":5,"10":5,"11":5,"12":5,"13":5,"14":5,"15":5,"16":0,"17":0,"18":3,"19":3,"20":1,"21":2,"22":1,"23":1,"24":0,"25":0,"26":0,"27":0,"28":0,"29":0,"30":1,"31":1,"32":1,"33":1,"34":1,"35":1,"36":1,"37":0,"38":0,"39":0,"40":0,"41":0,"42":0,"43":0,"44":0,"45":0,"46":0,"47":0,"48":0,"49":0,"50":0,"51":0,"52":0,"53":0,"54":0,"55":0,"56":0,"57":0,"58":0,"59":0,"60":0,"61":0,"62":0,"63":2,"64":2,"65":0,"66":2,"67":1,"68":1,"69":0,"70":0,"71":0,"72":0,"73":0,"74":0,"75":0,"76":0},"b":{"1":[0,5],"2":[5,0],"3":[1,2],"4":[1,1],"5":[0,0],"6":[0,0],"7":[1,0],"8":[1,0],"9":[0,0],"10":[0,0],"11":[0,0],"12":[0,0],"13":[0,2],"14":[1,1],"15":[0,0],"16":[0,0]},"f":{"1":5,"2":5,"3":5,"4":0,"5":3,"6":3,"7":0,"8":0,"9":0,"10":1,"11":1,"12":0,"13":0,"14":0,"15":0,"16":0,"17":0,"18":0,"19":0,"20":0,"21":0,"22":0,"23":0,"24":0,"25":0,"26":0,"27":0,"28":2,"29":2,"30":0,"31":0,"32":0},"fnMap":{"1":{"name":"(anonymous_1)","line":19,"loc":{"start":{"line":19,"column":9},"end":{"line":19,"column":35}}},"2":{"name":"(anonymous_2)","line":23,"loc":{"start":{"line":23,"column":67},"end":{"line":23,"column":92}}},"3":{"name":"(anonymous_3)","line":30,"loc":{"start":{"line":30,"column":6},"end":{"line":30,"column":27}}},"4":{"name":"(anonymous_4)","line":46,"loc":{"start":{"line":46,"column":8},"end":{"line":46,"column":29}}},"5":{"name":"(anonymous_5)","line":69,"loc":{"start":{"line":69,"column":15},"end":{"line":69,"column":41}}},"6":{"name":"(anonymous_6)","line":72,"loc":{"start":{"line":72,"column":5},"end":{"line":72,"column":26}}},"7":{"name":"(anonymous_7)","line":94,"loc":{"start":{"line":94,"column":12},"end":{"line":94,"column":38}}},"8":{"name":"(anonymous_8)","line":97,"loc":{"start":{"line":97,"column":5},"end":{"line":97,"column":26}}},"9":{"name":"(anonymous_9)","line":103,"loc":{"start":{"line":103,"column":45},"end":{"line":103,"column":64}}},"10":{"name":"(anonymous_10)","line":119,"loc":{"start":{"line":119,"column":7},"end":{"line":119,"column":33}}},"11":{"name":"(anonymous_11)","line":124,"loc":{"start":{"line":124,"column":43},"end":{"line":124,"column":64}}},"12":{"name":"(anonymous_12)","line":145,"loc":{"start":{"line":145,"column":11},"end":{"line":145,"column":37}}},"13":{"name":"(anonymous_13)","line":150,"loc":{"start":{"line":150,"column":90},"end":{"line":150,"column":111}}},"14":{"name":"(anonymous_14)","line":159,"loc":{"start":{"line":159,"column":20},"end":{"line":159,"column":46}}},"15":{"name":"(anonymous_15)","line":162,"loc":{"start":{"line":162,"column":5},"end":{"line":162,"column":34}}},"16":{"name":"(anonymous_16)","line":167,"loc":{"start":{"line":167,"column":22},"end":{"line":167,"column":48}}},"17":{"name":"(anonymous_17)","line":179,"loc":{"start":{"line":179,"column":5},"end":{"line":179,"column":34}}},"18":{"name":"(anonymous_18)","line":185,"loc":{"start":{"line":185,"column":23},"end":{"line":185,"column":49}}},"19":{"name":"(anonymous_19)","line":188,"loc":{"start":{"line":188,"column":5},"end":{"line":188,"column":34}}},"20":{"name":"(anonymous_20)","line":194,"loc":{"start":{"line":194,"column":19},"end":{"line":194,"column":45}}},"21":{"name":"(anonymous_21)","line":198,"loc":{"start":{"line":198,"column":5},"end":{"line":198,"column":34}}},"22":{"name":"(anonymous_22)","line":203,"loc":{"start":{"line":203,"column":17},"end":{"line":203,"column":43}}},"23":{"name":"(anonymous_23)","line":206,"loc":{"start":{"line":206,"column":34},"end":{"line":206,"column":58}}},"24":{"name":"(anonymous_24)","line":211,"loc":{"start":{"line":211,"column":32},"end":{"line":211,"column":58}}},"25":{"name":"(anonymous_25)","line":225,"loc":{"start":{"line":225,"column":26},"end":{"line":225,"column":55}}},"26":{"name":"(anonymous_26)","line":229,"loc":{"start":{"line":229,"column":35},"end":{"line":229,"column":59}}},"27":{"name":"(anonymous_27)","line":233,"loc":{"start":{"line":233,"column":13},"end":{"line":233,"column":29}}},"28":{"name":"(anonymous_28)","line":254,"loc":{"start":{"line":254,"column":7},"end":{"line":254,"column":33}}},"29":{"name":"(anonymous_29)","line":257,"loc":{"start":{"line":257,"column":5},"end":{"line":257,"column":27}}},"30":{"name":"(anonymous_30)","line":279,"loc":{"start":{"line":279,"column":12},"end":{"line":279,"column":38}}},"31":{"name":"(anonymous_31)","line":282,"loc":{"start":{"line":282,"column":31},"end":{"line":282,"column":59}}},"32":{"name":"(anonymous_32)","line":288,"loc":{"start":{"line":288,"column":7},"end":{"line":288,"column":22}}}},"statementMap":{"1":{"start":{"line":1,"column":0},"end":{"line":1,"column":37}},"2":{"start":{"line":2,"column":0},"end":{"line":2,"column":51}},"3":{"start":{"line":3,"column":0},"end":{"line":3,"column":41}},"4":{"start":{"line":4,"column":0},"end":{"line":4,"column":32}},"5":{"start":{"line":5,"column":0},"end":{"line":5,"column":35}},"6":{"start":{"line":6,"column":0},"end":{"line":6,"column":43}},"7":{"start":{"line":7,"column":0},"end":{"line":7,"column":31}},"8":{"start":{"line":9,"column":0},"end":{"line":302,"column":2}},"9":{"start":{"line":20,"column":2},"end":{"line":20,"column":29}},"10":{"start":{"line":21,"column":2},"end":{"line":21,"column":31}},"11":{"start":{"line":23,"column":2},"end":{"line":58,"column":5}},"12":{"start":{"line":25,"column":3},"end":{"line":57,"column":6}},"13":{"start":{"line":31,"column":4},"end":{"line":33,"column":5}},"14":{"start":{"line":34,"column":4},"end":{"line":56,"column":5}},"15":{"start":{"line":35,"column":5},"end":{"line":42,"column":8}},"16":{"start":{"line":44,"column":5},"end":{"line":55,"column":8}},"17":{"start":{"line":47,"column":6},"end":{"line":54,"column":9}},"18":{"start":{"line":70,"column":2},"end":{"line":91,"column":5}},"19":{"start":{"line":73,"column":3},"end":{"line":89,"column":4}},"20":{"start":{"line":74,"column":4},"end":{"line":76,"column":7}},"21":{"start":{"line":78,"column":4},"end":{"line":88,"column":5}},"22":{"start":{"line":79,"column":5},"end":{"line":81,"column":8}},"23":{"start":{"line":83,"column":5},"end":{"line":87,"column":8}},"24":{"start":{"line":95,"column":2},"end":{"line":109,"column":5}},"25":{"start":{"line":98,"column":3},"end":{"line":108,"column":4}},"26":{"start":{"line":99,"column":4},"end":{"line":99,"column":30}},"27":{"start":{"line":101,"column":4},"end":{"line":107,"column":7}},"28":{"start":{"line":104,"column":5},"end":{"line":106,"column":6}},"29":{"start":{"line":105,"column":6},"end":{"line":105,"column":33}},"30":{"start":{"line":120,"column":2},"end":{"line":120,"column":28}},"31":{"start":{"line":122,"column":2},"end":{"line":135,"column":5}},"32":{"start":{"line":126,"column":3},"end":{"line":134,"column":4}},"33":{"start":{"line":127,"column":4},"end":{"line":130,"column":5}},"34":{"start":{"line":128,"column":5},"end":{"line":128,"column":28}},"35":{"start":{"line":129,"column":5},"end":{"line":129,"column":28}},"36":{"start":{"line":131,"column":4},"end":{"line":131,"column":31}},"37":{"start":{"line":133,"column":4},"end":{"line":133,"column":30}},"38":{"start":{"line":146,"column":3},"end":{"line":148,"column":4}},"39":{"start":{"line":147,"column":4},"end":{"line":147,"column":20}},"40":{"start":{"line":150,"column":3},"end":{"line":156,"column":6}},"41":{"start":{"line":151,"column":4},"end":{"line":155,"column":5}},"42":{"start":{"line":152,"column":5},"end":{"line":152,"column":31}},"43":{"start":{"line":154,"column":5},"end":{"line":154,"column":40}},"44":{"start":{"line":160,"column":2},"end":{"line":165,"column":1}},"45":{"start":{"line":163,"column":3},"end":{"line":163,"column":38}},"46":{"start":{"line":168,"column":2},"end":{"line":183,"column":1}},"47":{"start":{"line":180,"column":3},"end":{"line":180,"column":29}},"48":{"start":{"line":181,"column":3},"end":{"line":181,"column":38}},"49":{"start":{"line":186,"column":2},"end":{"line":192,"column":1}},"50":{"start":{"line":190,"column":3},"end":{"line":190,"column":38}},"51":{"start":{"line":196,"column":2},"end":{"line":201,"column":1}},"52":{"start":{"line":199,"column":3},"end":{"line":199,"column":38}},"53":{"start":{"line":204,"column":2},"end":{"line":208,"column":5}},"54":{"start":{"line":207,"column":3},"end":{"line":207,"column":33}},"55":{"start":{"line":212,"column":2},"end":{"line":223,"column":4}},"56":{"start":{"line":225,"column":2},"end":{"line":245,"column":1}},"57":{"start":{"line":226,"column":3},"end":{"line":243,"column":6}},"58":{"start":{"line":230,"column":4},"end":{"line":230,"column":43}},"59":{"start":{"line":233,"column":4},"end":{"line":239,"column":4}},"60":{"start":{"line":234,"column":5},"end":{"line":236,"column":6}},"61":{"start":{"line":235,"column":6},"end":{"line":235,"column":41}},"62":{"start":{"line":239,"column":4},"end":{"line":242,"column":7}},"63":{"start":{"line":255,"column":2},"end":{"line":267,"column":5}},"64":{"start":{"line":258,"column":3},"end":{"line":266,"column":4}},"65":{"start":{"line":259,"column":4},"end":{"line":259,"column":30}},"66":{"start":{"line":261,"column":4},"end":{"line":265,"column":5}},"67":{"start":{"line":262,"column":5},"end":{"line":262,"column":57}},"68":{"start":{"line":264,"column":5},"end":{"line":264,"column":33}},"69":{"start":{"line":280,"column":2},"end":{"line":280,"column":39}},"70":{"start":{"line":282,"column":2},"end":{"line":300,"column":5}},"71":{"start":{"line":283,"column":3},"end":{"line":299,"column":4}},"72":{"start":{"line":284,"column":4},"end":{"line":296,"column":7}},"73":{"start":{"line":289,"column":5},"end":{"line":295,"column":6}},"74":{"start":{"line":290,"column":6},"end":{"line":290,"column":32}},"75":{"start":{"line":292,"column":6},"end":{"line":294,"column":9}},"76":{"start":{"line":298,"column":4},"end":{"line":298,"column":30}}},"branchMap":{"1":{"line":31,"type":"if","locations":[{"start":{"line":31,"column":4},"end":{"line":31,"column":4}},{"start":{"line":31,"column":4},"end":{"line":31,"column":4}}]},"2":{"line":34,"type":"if","locations":[{"start":{"line":34,"column":4},"end":{"line":34,"column":4}},{"start":{"line":34,"column":4},"end":{"line":34,"column":4}}]},"3":{"line":73,"type":"if","locations":[{"start":{"line":73,"column":3},"end":{"line":73,"column":3}},{"start":{"line":73,"column":3},"end":{"line":73,"column":3}}]},"4":{"line":78,"type":"if","locations":[{"start":{"line":78,"column":4},"end":{"line":78,"column":4}},{"start":{"line":78,"column":4},"end":{"line":78,"column":4}}]},"5":{"line":98,"type":"if","locations":[{"start":{"line":98,"column":3},"end":{"line":98,"column":3}},{"start":{"line":98,"column":3},"end":{"line":98,"column":3}}]},"6":{"line":104,"type":"if","locations":[{"start":{"line":104,"column":5},"end":{"line":104,"column":5}},{"start":{"line":104,"column":5},"end":{"line":104,"column":5}}]},"7":{"line":126,"type":"if","locations":[{"start":{"line":126,"column":3},"end":{"line":126,"column":3}},{"start":{"line":126,"column":3},"end":{"line":126,"column":3}}]},"8":{"line":127,"type":"if","locations":[{"start":{"line":127,"column":4},"end":{"line":127,"column":4}},{"start":{"line":127,"column":4},"end":{"line":127,"column":4}}]},"9":{"line":146,"type":"if","locations":[{"start":{"line":146,"column":3},"end":{"line":146,"column":3}},{"start":{"line":146,"column":3},"end":{"line":146,"column":3}}]},"10":{"line":151,"type":"if","locations":[{"start":{"line":151,"column":4},"end":{"line":151,"column":4}},{"start":{"line":151,"column":4},"end":{"line":151,"column":4}}]},"11":{"line":234,"type":"if","locations":[{"start":{"line":234,"column":5},"end":{"line":234,"column":5}},{"start":{"line":234,"column":5},"end":{"line":234,"column":5}}]},"12":{"line":234,"type":"binary-expr","locations":[{"start":{"line":234,"column":9},"end":{"line":234,"column":26}},{"start":{"line":234,"column":30},"end":{"line":234,"column":47}}]},"13":{"line":258,"type":"if","locations":[{"start":{"line":258,"column":3},"end":{"line":258,"column":3}},{"start":{"line":258,"column":3},"end":{"line":258,"column":3}}]},"14":{"line":261,"type":"if","locations":[{"start":{"line":261,"column":4},"end":{"line":261,"column":4}},{"start":{"line":261,"column":4},"end":{"line":261,"column":4}}]},"15":{"line":283,"type":"if","locations":[{"start":{"line":283,"column":3},"end":{"line":283,"column":3}},{"start":{"line":283,"column":3},"end":{"line":283,"column":3}}]},"16":{"line":289,"type":"if","locations":[{"start":{"line":289,"column":5},"end":{"line":289,"column":5}},{"start":{"line":289,"column":5},"end":{"line":289,"column":5}}]}}},"/Users/theGlenn/Developement/tenveux-back/lib/models/answer.js":{"path":"/Users/theGlenn/Developement/tenveux-back/lib/models/answer.js","s":{"1":1,"2":1,"3":1,"4":1,"5":1,"6":0,"7":1},"b":{},"f":{"1":0},"fnMap":{"1":{"name":"(anonymous_1)","line":24,"loc":{"start":{"line":24,"column":25},"end":{"line":24,"column":37}}}},"statementMap":{"1":{"start":{"line":3,"column":0},"end":{"line":3,"column":35}},"2":{"start":{"line":4,"column":0},"end":{"line":4,"column":29}},"3":{"start":{"line":6,"column":0},"end":{"line":13,"column":2}},"4":{"start":{"line":15,"column":0},"end":{"line":22,"column":18}},"5":{"start":{"line":24,"column":0},"end":{"line":26,"column":3}},"6":{"start":{"line":25,"column":1},"end":{"line":25,"column":31}},"7":{"start":{"line":29,"column":0},"end":{"line":29,"column":50}}},"branchMap":{}},"/Users/theGlenn/Developement/tenveux-back/lib/util/security.js":{"path":"/Users/theGlenn/Developement/tenveux-back/lib/util/security.js","s":{"1":1,"2":1,"3":5,"4":5,"5":5,"6":5},"b":{},"f":{"1":5,"2":5},"fnMap":{"1":{"name":"(anonymous_1)","line":6,"loc":{"start":{"line":6,"column":7},"end":{"line":6,"column":19}}},"2":{"name":"(anonymous_2)","line":12,"loc":{"start":{"line":12,"column":8},"end":{"line":12,"column":28}}}},"statementMap":{"1":{"start":{"line":1,"column":0},"end":{"line":1,"column":31}},"2":{"start":{"line":3,"column":0},"end":{"line":16,"column":2}},"3":{"start":{"line":7,"column":2},"end":{"line":7,"column":37}},"4":{"start":{"line":8,"column":2},"end":{"line":8,"column":75}},"5":{"start":{"line":13,"column":2},"end":{"line":13,"column":37}},"6":{"start":{"line":14,"column":2},"end":{"line":14,"column":75}}},"branchMap":{}},"/Users/theGlenn/Developement/tenveux-back/lib/controllers/proposition.js":{"path":"/Users/theGlenn/Developement/tenveux-back/lib/controllers/proposition.js","s":{"1":1,"2":1,"3":1,"4":1,"5":2,"6":2,"7":2,"8":2,"9":2,"10":2,"11":1,"12":1,"13":2,"14":2,"15":2,"16":2,"17":2,"18":0,"19":0,"20":0,"21":0,"22":0,"23":0,"24":0,"25":0,"26":0,"27":0,"28":0,"29":0,"30":0,"31":0,"32":0,"33":0,"34":0,"35":0,"36":0,"37":0,"38":0,"39":0,"40":0,"41":0,"42":0,"43":0,"44":0,"45":0,"46":0,"47":0,"48":0,"49":0,"50":0,"51":0,"52":0,"53":0,"54":0,"55":0},"b":{"1":[2,0],"2":[1,0],"3":[2,0],"4":[2,0],"5":[0,0],"6":[0,0],"7":[0,0],"8":[0,0],"9":[0,0],"10":[0,0],"11":[0,0],"12":[0,0]},"f":{"1":2,"2":1,"3":2,"4":2,"5":0,"6":0,"7":0,"8":0,"9":0,"10":0,"11":0,"12":0,"13":0,"14":0,"15":0,"16":0,"17":0},"fnMap":{"1":{"name":"(anonymous_1)","line":18,"loc":{"start":{"line":18,"column":7},"end":{"line":18,"column":33}}},"2":{"name":"(anonymous_2)","line":40,"loc":{"start":{"line":40,"column":6},"end":{"line":40,"column":21}}},"3":{"name":"(anonymous_3)","line":49,"loc":{"start":{"line":49,"column":27},"end":{"line":49,"column":55}}},"4":{"name":"(anonymous_4)","line":55,"loc":{"start":{"line":55,"column":7},"end":{"line":55,"column":35}}},"5":{"name":"(anonymous_5)","line":121,"loc":{"start":{"line":121,"column":7},"end":{"line":121,"column":33}}},"6":{"name":"(anonymous_6)","line":129,"loc":{"start":{"line":129,"column":5},"end":{"line":129,"column":33}}},"7":{"name":"(anonymous_7)","line":135,"loc":{"start":{"line":135,"column":7},"end":{"line":135,"column":22}}},"8":{"name":"(anonymous_8)","line":148,"loc":{"start":{"line":148,"column":28},"end":{"line":148,"column":51}}},"9":{"name":"(anonymous_9)","line":174,"loc":{"start":{"line":174,"column":10},"end":{"line":174,"column":36}}},"10":{"name":"(anonymous_10)","line":181,"loc":{"start":{"line":181,"column":5},"end":{"line":181,"column":33}}},"11":{"name":"(anonymous_11)","line":191,"loc":{"start":{"line":191,"column":26},"end":{"line":191,"column":49}}},"12":{"name":"(anonymous_12)","line":215,"loc":{"start":{"line":215,"column":7},"end":{"line":215,"column":33}}},"13":{"name":"(anonymous_13)","line":218,"loc":{"start":{"line":218,"column":64},"end":{"line":218,"column":92}}},"14":{"name":"(anonymous_14)","line":234,"loc":{"start":{"line":234,"column":14},"end":{"line":234,"column":40}}},"15":{"name":"(anonymous_15)","line":239,"loc":{"start":{"line":239,"column":5},"end":{"line":239,"column":33}}},"16":{"name":"(anonymous_16)","line":256,"loc":{"start":{"line":256,"column":9},"end":{"line":256,"column":35}}},"17":{"name":"(anonymous_17)","line":259,"loc":{"start":{"line":259,"column":27},"end":{"line":259,"column":55}}}},"statementMap":{"1":{"start":{"line":1,"column":0},"end":{"line":1,"column":51}},"2":{"start":{"line":2,"column":0},"end":{"line":2,"column":41}},"3":{"start":{"line":3,"column":0},"end":{"line":3,"column":37}},"4":{"start":{"line":5,"column":0},"end":{"line":267,"column":2}},"5":{"start":{"line":19,"column":2},"end":{"line":19,"column":22}},"6":{"start":{"line":21,"column":2},"end":{"line":26,"column":4}},"7":{"start":{"line":28,"column":2},"end":{"line":28,"column":38}},"8":{"start":{"line":33,"column":2},"end":{"line":46,"column":3}},"9":{"start":{"line":34,"column":3},"end":{"line":34,"column":63}},"10":{"start":{"line":36,"column":3},"end":{"line":45,"column":6}},"11":{"start":{"line":41,"column":4},"end":{"line":44,"column":5}},"12":{"start":{"line":42,"column":5},"end":{"line":42,"column":37}},"13":{"start":{"line":49,"column":2},"end":{"line":73,"column":5}},"14":{"start":{"line":50,"column":3},"end":{"line":68,"column":4}},"15":{"start":{"line":51,"column":4},"end":{"line":66,"column":7}},"16":{"start":{"line":56,"column":5},"end":{"line":62,"column":6}},"17":{"start":{"line":57,"column":6},"end":{"line":60,"column":9}},"18":{"start":{"line":122,"column":2},"end":{"line":122,"column":28}},"19":{"start":{"line":124,"column":2},"end":{"line":163,"column":5}},"20":{"start":{"line":130,"column":3},"end":{"line":162,"column":4}},"21":{"start":{"line":131,"column":4},"end":{"line":159,"column":7}},"22":{"start":{"line":136,"column":5},"end":{"line":158,"column":6}},"23":{"start":{"line":137,"column":6},"end":{"line":137,"column":32}},"24":{"start":{"line":141,"column":6},"end":{"line":146,"column":8}},"25":{"start":{"line":148,"column":6},"end":{"line":157,"column":9}},"26":{"start":{"line":149,"column":7},"end":{"line":156,"column":8}},"27":{"start":{"line":150,"column":8},"end":{"line":150,"column":34}},"28":{"start":{"line":152,"column":8},"end":{"line":155,"column":11}},"29":{"start":{"line":161,"column":4},"end":{"line":161,"column":30}},"30":{"start":{"line":175,"column":2},"end":{"line":175,"column":28}},"31":{"start":{"line":177,"column":2},"end":{"line":205,"column":5}},"32":{"start":{"line":182,"column":3},"end":{"line":204,"column":4}},"33":{"start":{"line":184,"column":4},"end":{"line":189,"column":6}},"34":{"start":{"line":191,"column":4},"end":{"line":200,"column":7}},"35":{"start":{"line":192,"column":5},"end":{"line":199,"column":6}},"36":{"start":{"line":193,"column":6},"end":{"line":193,"column":32}},"37":{"start":{"line":195,"column":6},"end":{"line":198,"column":9}},"38":{"start":{"line":203,"column":4},"end":{"line":203,"column":30}},"39":{"start":{"line":216,"column":2},"end":{"line":216,"column":28}},"40":{"start":{"line":218,"column":2},"end":{"line":224,"column":5}},"41":{"start":{"line":219,"column":3},"end":{"line":223,"column":4}},"42":{"start":{"line":220,"column":4},"end":{"line":220,"column":38}},"43":{"start":{"line":222,"column":4},"end":{"line":222,"column":30}},"44":{"start":{"line":235,"column":2},"end":{"line":235,"column":28}},"45":{"start":{"line":236,"column":2},"end":{"line":236,"column":23}},"46":{"start":{"line":237,"column":2},"end":{"line":246,"column":5}},"47":{"start":{"line":240,"column":3},"end":{"line":245,"column":4}},"48":{"start":{"line":241,"column":4},"end":{"line":241,"column":38}},"49":{"start":{"line":243,"column":4},"end":{"line":243,"column":21}},"50":{"start":{"line":244,"column":4},"end":{"line":244,"column":30}},"51":{"start":{"line":257,"column":2},"end":{"line":257,"column":28}},"52":{"start":{"line":259,"column":2},"end":{"line":265,"column":5}},"53":{"start":{"line":260,"column":3},"end":{"line":264,"column":4}},"54":{"start":{"line":261,"column":4},"end":{"line":261,"column":33}},"55":{"start":{"line":263,"column":4},"end":{"line":263,"column":30}}},"branchMap":{"1":{"line":33,"type":"if","locations":[{"start":{"line":33,"column":2},"end":{"line":33,"column":2}},{"start":{"line":33,"column":2},"end":{"line":33,"column":2}}]},"2":{"line":41,"type":"if","locations":[{"start":{"line":41,"column":4},"end":{"line":41,"column":4}},{"start":{"line":41,"column":4},"end":{"line":41,"column":4}}]},"3":{"line":50,"type":"if","locations":[{"start":{"line":50,"column":3},"end":{"line":50,"column":3}},{"start":{"line":50,"column":3},"end":{"line":50,"column":3}}]},"4":{"line":56,"type":"if","locations":[{"start":{"line":56,"column":5},"end":{"line":56,"column":5}},{"start":{"line":56,"column":5},"end":{"line":56,"column":5}}]},"5":{"line":130,"type":"if","locations":[{"start":{"line":130,"column":3},"end":{"line":130,"column":3}},{"start":{"line":130,"column":3},"end":{"line":130,"column":3}}]},"6":{"line":136,"type":"if","locations":[{"start":{"line":136,"column":5},"end":{"line":136,"column":5}},{"start":{"line":136,"column":5},"end":{"line":136,"column":5}}]},"7":{"line":149,"type":"if","locations":[{"start":{"line":149,"column":7},"end":{"line":149,"column":7}},{"start":{"line":149,"column":7},"end":{"line":149,"column":7}}]},"8":{"line":182,"type":"if","locations":[{"start":{"line":182,"column":3},"end":{"line":182,"column":3}},{"start":{"line":182,"column":3},"end":{"line":182,"column":3}}]},"9":{"line":192,"type":"if","locations":[{"start":{"line":192,"column":5},"end":{"line":192,"column":5}},{"start":{"line":192,"column":5},"end":{"line":192,"column":5}}]},"10":{"line":219,"type":"if","locations":[{"start":{"line":219,"column":3},"end":{"line":219,"column":3}},{"start":{"line":219,"column":3},"end":{"line":219,"column":3}}]},"11":{"line":240,"type":"if","locations":[{"start":{"line":240,"column":3},"end":{"line":240,"column":3}},{"start":{"line":240,"column":3},"end":{"line":240,"column":3}}]},"12":{"line":260,"type":"if","locations":[{"start":{"line":260,"column":3},"end":{"line":260,"column":3}},{"start":{"line":260,"column":3},"end":{"line":260,"column":3}}]}}},"/Users/theGlenn/Developement/tenveux-back/lib/controllers/answer.js":{"path":"/Users/theGlenn/Developement/tenveux-back/lib/controllers/answer.js","s":{"1":1,"2":1,"3":1,"4":1,"5":0,"6":0,"7":0,"8":0},"b":{"1":[0,0]},"f":{"1":0,"2":0},"fnMap":{"1":{"name":"(anonymous_1)","line":14,"loc":{"start":{"line":14,"column":14},"end":{"line":14,"column":40}}},"2":{"name":"(anonymous_2)","line":15,"loc":{"start":{"line":15,"column":69},"end":{"line":15,"column":92}}}},"statementMap":{"1":{"start":{"line":1,"column":0},"end":{"line":1,"column":51}},"2":{"start":{"line":2,"column":0},"end":{"line":2,"column":41}},"3":{"start":{"line":3,"column":0},"end":{"line":3,"column":37}},"4":{"start":{"line":5,"column":0},"end":{"line":23,"column":2}},"5":{"start":{"line":15,"column":2},"end":{"line":21,"column":5}},"6":{"start":{"line":16,"column":3},"end":{"line":20,"column":4}},"7":{"start":{"line":17,"column":4},"end":{"line":17,"column":68}},"8":{"start":{"line":19,"column":4},"end":{"line":19,"column":61}}},"branchMap":{"1":{"line":16,"type":"if","locations":[{"start":{"line":16,"column":3},"end":{"line":16,"column":3}},{"start":{"line":16,"column":3},"end":{"line":16,"column":3}}]}}},"/Users/theGlenn/Developement/tenveux-back/lib/controllers/media.js":{"path":"/Users/theGlenn/Developement/tenveux-back/lib/controllers/media.js","s":{"1":1,"2":0,"3":0,"4":0,"5":0,"6":0,"7":0,"8":0,"9":0,"10":0,"11":0,"12":0,"13":0,"14":1},"b":{},"f":{"1":0,"2":0,"3":0},"fnMap":{"1":{"name":"(anonymous_1)","line":2,"loc":{"start":{"line":2,"column":9},"end":{"line":2,"column":35}}},"2":{"name":"(anonymous_2)","line":6,"loc":{"start":{"line":6,"column":24},"end":{"line":6,"column":61}}},"3":{"name":"(anonymous_3)","line":15,"loc":{"start":{"line":15,"column":23},"end":{"line":15,"column":35}}}},"statementMap":{"1":{"start":{"line":1,"column":0},"end":{"line":25,"column":0}},"2":{"start":{"line":3,"column":2},"end":{"line":3,"column":14}},"3":{"start":{"line":4,"column":2},"end":{"line":4,"column":37}},"4":{"start":{"line":5,"column":2},"end":{"line":5,"column":23}},"5":{"start":{"line":6,"column":2},"end":{"line":21,"column":5}},"6":{"start":{"line":7,"column":3},"end":{"line":7,"column":22}},"7":{"start":{"line":8,"column":3},"end":{"line":8,"column":73}},"8":{"start":{"line":10,"column":3},"end":{"line":10,"column":41}},"9":{"start":{"line":12,"column":3},"end":{"line":12,"column":48}},"10":{"start":{"line":13,"column":3},"end":{"line":13,"column":40}},"11":{"start":{"line":14,"column":3},"end":{"line":14,"column":22}},"12":{"start":{"line":15,"column":3},"end":{"line":20,"column":6}},"13":{"start":{"line":16,"column":4},"end":{"line":19,"column":7}},"14":{"start":{"line":25,"column":0},"end":{"line":25,"column":33}}},"branchMap":{}},"/Users/theGlenn/Developement/tenveux-back/config/url.js":{"path":"/Users/theGlenn/Developement/tenveux-back/config/url.js","s":{"1":1},"b":{},"f":{},"fnMap":{},"statementMap":{"1":{"start":{"line":1,"column":0},"end":{"line":3,"column":2}}},"branchMap":{}}}