TN:
SF:/Users/theGlenn/Developement/tenveux-back/lib/app.js
FNF:0
FNH:0
DA:9,1
DA:15,1
DA:16,1
DA:20,1
DA:21,1
DA:24,1
DA:26,1
DA:27,1
DA:30,1
DA:32,1
DA:35,1
DA:36,1
DA:38,1
DA:40,1
DA:41,1
DA:44,1
DA:49,1
LF:17
LH:17
BRF:0
BRH:0
end_of_record
TN:
SF:/Users/theGlenn/Developement/tenveux-back/lib/middlewares/bootstrap.js
FN:7,(anonymous_1)
FN:8,(anonymous_2)
FNF:2
FNH:2
FNDA:1,(anonymous_1)
FNDA:23,(anonymous_2)
DA:7,1
DA:8,1
DA:13,23
LF:3
LH:3
BRF:0
BRH:0
end_of_record
TN:
SF:/Users/theGlenn/Developement/tenveux-back/lib/middlewares/shutdown.js
FN:6,(anonymous_1)
FN:7,(anonymous_2)
FN:8,(anonymous_3)
FNF:3
FNH:3
FNDA:1,(anonymous_1)
FNDA:23,(anonymous_2)
FNDA:23,(anonymous_3)
DA:1,1
DA:6,1
DA:7,1
DA:8,23
DA:12,23
LF:5
LH:5
BRF:0
BRH:0
end_of_record
TN:
SF:/Users/theGlenn/Developement/tenveux-back/config/db.js
FNF:0
FNH:0
DA:11,1
LF:1
LH:1
BRF:0
BRH:0
end_of_record
TN:
SF:/Users/theGlenn/Developement/tenveux-back/lib/router.js
FN:20,(anonymous_1)
FNF:1
FNH:1
FNDA:1,(anonymous_1)
DA:1,1
DA:2,1
DA:3,1
DA:4,1
DA:6,1
DA:7,1
DA:8,1
DA:9,1
DA:10,1
DA:11,1
DA:13,1
DA:14,1
DA:16,1
DA:20,1
DA:22,1
DA:26,1
DA:27,1
DA:29,1
DA:31,1
DA:32,1
DA:33,1
DA:34,1
DA:35,1
DA:36,1
DA:37,1
DA:38,1
DA:39,1
DA:48,1
DA:49,1
DA:50,1
DA:52,1
DA:53,1
DA:59,1
DA:63,1
DA:65,1
LF:35
LH:35
BRF:0
BRH:0
end_of_record
TN:
SF:/Users/theGlenn/Developement/tenveux-back/lib/middlewares/check-token.js
FN:3,(anonymous_1)
FN:4,(anonymous_2)
FN:9,(anonymous_3)
FNF:3
FNH:3
FNDA:17,(anonymous_1)
FNDA:11,(anonymous_2)
FNDA:10,(anonymous_3)
DA:1,1
DA:3,1
DA:4,17
DA:5,11
DA:6,1
DA:8,10
DA:10,10
DA:11,0
DA:13,10
DA:14,10
LF:10
LH:9
BRDA:5,1,0,1
BRDA:5,1,1,10
BRDA:10,2,0,0
BRDA:10,2,1,10
BRF:4
BRH:3
end_of_record
TN:
SF:/Users/theGlenn/Developement/tenveux-back/lib/models/user.js
FN:49,(anonymous_1)
FNF:1
FNH:1
FNDA:33,(anonymous_1)
DA:3,1
DA:4,1
DA:6,1
DA:15,1
DA:49,1
DA:50,33
DA:53,1
LF:7
LH:7
BRF:0
BRH:0
end_of_record
TN:
SF:/Users/theGlenn/Developement/tenveux-back/lib/models/proposition.js
FN:79,(anonymous_1)
FNF:1
FNH:1
FNDA:8,(anonymous_1)
DA:3,1
DA:4,1
DA:6,1
DA:15,1
DA:79,1
DA:80,8
DA:85,1
LF:7
LH:7
BRF:0
BRH:0
end_of_record
TN:
SF:/Users/theGlenn/Developement/tenveux-back/lib/controllers/user.js
FN:19,(anonymous_1)
FN:23,(anonymous_2)
FN:31,(anonymous_3)
FN:44,(anonymous_4)
FN:66,(anonymous_5)
FN:69,(anonymous_6)
FN:91,(anonymous_7)
FN:96,(anonymous_8)
FN:104,(anonymous_9)
FN:120,(anonymous_10)
FN:125,(anonymous_11)
FN:146,(anonymous_12)
FN:151,(anonymous_13)
FN:160,(anonymous_14)
FN:163,(anonymous_15)
FN:168,(anonymous_16)
FN:180,(anonymous_17)
FN:186,(anonymous_18)
FN:189,(anonymous_19)
FN:195,(anonymous_20)
FN:199,(anonymous_21)
FN:204,(anonymous_22)
FN:207,(anonymous_23)
FN:212,(anonymous_24)
FN:226,(anonymous_25)
FN:230,(anonymous_26)
FN:234,(anonymous_27)
FN:255,(anonymous_28)
FN:260,(anonymous_29)
FN:284,(anonymous_30)
FN:287,(anonymous_31)
FN:293,(anonymous_32)
FNF:32
FNH:10
FNDA:9,(anonymous_1)
FNDA:9,(anonymous_2)
FNDA:9,(anonymous_3)
FNDA:1,(anonymous_4)
FNDA:3,(anonymous_5)
FNDA:3,(anonymous_6)
FNDA:0,(anonymous_7)
FNDA:0,(anonymous_8)
FNDA:0,(anonymous_9)
FNDA:1,(anonymous_10)
FNDA:1,(anonymous_11)
FNDA:0,(anonymous_12)
FNDA:0,(anonymous_13)
FNDA:0,(anonymous_14)
FNDA:0,(anonymous_15)
FNDA:0,(anonymous_16)
FNDA:0,(anonymous_17)
FNDA:0,(anonymous_18)
FNDA:0,(anonymous_19)
FNDA:0,(anonymous_20)
FNDA:0,(anonymous_21)
FNDA:0,(anonymous_22)
FNDA:0,(anonymous_23)
FNDA:0,(anonymous_24)
FNDA:0,(anonymous_25)
FNDA:0,(anonymous_26)
FNDA:0,(anonymous_27)
FNDA:2,(anonymous_28)
FNDA:2,(anonymous_29)
FNDA:0,(anonymous_30)
FNDA:0,(anonymous_31)
FNDA:0,(anonymous_32)
DA:1,1
DA:2,1
DA:3,1
DA:4,1
DA:5,1
DA:6,1
DA:7,1
DA:9,1
DA:20,9
DA:21,9
DA:23,9
DA:25,9
DA:32,9
DA:33,8
DA:42,1
DA:45,1
DA:67,3
DA:70,3
DA:71,1
DA:75,2
DA:76,1
DA:80,1
DA:92,0
DA:97,0
DA:98,0
DA:100,0
DA:105,0
DA:106,0
DA:121,1
DA:123,1
DA:127,1
DA:128,1
DA:129,1
DA:130,1
DA:132,1
DA:134,0
DA:147,0
DA:148,0
DA:151,0
DA:152,0
DA:153,0
DA:155,0
DA:161,0
DA:164,0
DA:169,0
DA:181,0
DA:182,0
DA:187,0
DA:191,0
DA:197,0
DA:200,0
DA:205,0
DA:208,0
DA:213,0
DA:226,0
DA:227,0
DA:231,0
DA:234,0
DA:235,0
DA:236,0
DA:240,0
DA:256,2
DA:261,2
DA:262,0
DA:264,2
DA:265,1
DA:269,1
DA:285,0
DA:287,0
DA:288,0
DA:289,0
DA:294,0
DA:295,0
DA:297,0
DA:303,0
LF:75
LH:34
BRDA:32,1,0,8
BRDA:32,1,1,1
BRDA:70,2,0,1
BRDA:70,2,1,2
BRDA:75,3,0,1
BRDA:75,3,1,1
BRDA:97,4,0,0
BRDA:97,4,1,0
BRDA:105,5,0,0
BRDA:105,5,1,0
BRDA:127,6,0,1
BRDA:127,6,1,0
BRDA:128,7,0,1
BRDA:128,7,1,0
BRDA:147,8,0,0
BRDA:147,8,1,0
BRDA:152,9,0,0
BRDA:152,9,1,0
BRDA:235,10,0,0
BRDA:235,10,1,0
BRDA:235,11,0,0
BRDA:235,11,1,0
BRDA:261,12,0,0
BRDA:261,12,1,2
BRDA:264,13,0,1
BRDA:264,13,1,1
BRDA:288,14,0,0
BRDA:288,14,1,0
BRDA:294,15,0,0
BRDA:294,15,1,0
BRF:30
BRH:11
end_of_record
TN:
SF:/Users/theGlenn/Developement/tenveux-back/lib/models/answer.js
FN:24,(anonymous_1)
FNF:1
FNH:1
FNDA:2,(anonymous_1)
DA:3,1
DA:4,1
DA:6,1
DA:15,1
DA:24,1
DA:25,2
DA:29,1
LF:7
LH:7
BRF:0
BRH:0
end_of_record
TN:
SF:/Users/theGlenn/Developement/tenveux-back/lib/util/security.js
FN:6,(anonymous_1)
FN:12,(anonymous_2)
FNF:2
FNH:2
FNDA:9,(anonymous_1)
FNDA:9,(anonymous_2)
DA:1,1
DA:3,1
DA:7,9
DA:8,9
DA:13,9
DA:14,9
LF:6
LH:6
BRF:0
BRH:0
end_of_record
TN:
SF:/Users/theGlenn/Developement/tenveux-back/lib/controllers/proposition.js
FN:18,(anonymous_1)
FN:40,(anonymous_2)
FN:49,(anonymous_3)
FN:55,(anonymous_4)
FN:121,(anonymous_5)
FN:131,(anonymous_6)
FN:137,(anonymous_7)
FN:150,(anonymous_8)
FN:176,(anonymous_9)
FN:183,(anonymous_10)
FN:193,(anonymous_11)
FN:217,(anonymous_12)
FN:220,(anonymous_13)
FN:236,(anonymous_14)
FN:239,(anonymous_15)
FNF:15
FNH:15
FNDA:2,(anonymous_1)
FNDA:1,(anonymous_2)
FNDA:2,(anonymous_3)
FNDA:2,(anonymous_4)
FNDA:1,(anonymous_5)
FNDA:1,(anonymous_6)
FNDA:1,(anonymous_7)
FNDA:1,(anonymous_8)
FNDA:1,(anonymous_9)
FNDA:1,(anonymous_10)
FNDA:1,(anonymous_11)
FNDA:2,(anonymous_12)
FNDA:2,(anonymous_13)
FNDA:1,(anonymous_14)
FNDA:1,(anonymous_15)
DA:1,1
DA:2,1
DA:3,1
DA:5,1
DA:19,2
DA:21,2
DA:28,2
DA:33,2
DA:34,2
DA:36,2
DA:41,1
DA:42,1
DA:49,2
DA:50,2
DA:51,2
DA:56,2
DA:57,2
DA:122,1
DA:124,1
DA:126,1
DA:132,1
DA:133,1
DA:138,1
DA:139,0
DA:143,1
DA:150,1
DA:151,1
DA:152,0
DA:154,1
DA:163,0
DA:177,1
DA:179,1
DA:184,1
DA:186,1
DA:193,1
DA:194,1
DA:195,0
DA:197,1
DA:205,0
DA:218,2
DA:220,2
DA:221,2
DA:222,1
DA:224,1
DA:237,1
DA:239,1
DA:240,1
DA:241,1
DA:243,0
LF:49
LH:43
BRDA:33,1,0,2
BRDA:33,1,1,0
BRDA:41,2,0,1
BRDA:41,2,1,0
BRDA:50,3,0,2
BRDA:50,3,1,0
BRDA:56,4,0,2
BRDA:56,4,1,0
BRDA:132,5,0,1
BRDA:132,5,1,0
BRDA:138,6,0,0
BRDA:138,6,1,1
BRDA:151,7,0,0
BRDA:151,7,1,1
BRDA:184,8,0,1
BRDA:184,8,1,0
BRDA:194,9,0,0
BRDA:194,9,1,1
BRDA:221,10,0,1
BRDA:221,10,1,1
BRDA:240,11,0,1
BRDA:240,11,1,0
BRF:22
BRH:12
end_of_record
TN:
SF:/Users/theGlenn/Developement/tenveux-back/lib/controllers/answer.js
FN:14,(anonymous_1)
FN:15,(anonymous_2)
FNF:2
FNH:0
FNDA:0,(anonymous_1)
FNDA:0,(anonymous_2)
DA:1,1
DA:2,1
DA:3,1
DA:5,1
DA:15,0
DA:16,0
DA:17,0
DA:19,0
LF:8
LH:4
BRDA:16,1,0,0
BRDA:16,1,1,0
BRF:2
BRH:0
end_of_record
TN:
SF:/Users/theGlenn/Developement/tenveux-back/lib/controllers/media.js
FN:2,(anonymous_1)
FN:6,(anonymous_2)
FN:15,(anonymous_3)
FNF:3
FNH:0
FNDA:0,(anonymous_1)
FNDA:0,(anonymous_2)
FNDA:0,(anonymous_3)
DA:1,1
DA:3,0
DA:4,0
DA:5,0
DA:6,0
DA:7,0
DA:8,0
DA:10,0
DA:12,0
DA:13,0
DA:14,0
DA:15,0
DA:16,0
DA:25,1
LF:14
LH:2
BRF:0
BRH:0
end_of_record
TN:
SF:/Users/theGlenn/Developement/tenveux-back/config/url.js
FNF:0
FNH:0
DA:1,1
LF:1
LH:1
BRF:0
BRH:0
end_of_record
