TN:
SF:/Users/theGlenn/Developement/tenveux-back/lib/app.js
FNF:0
FNH:0
DA:9,1
DA:15,1
DA:16,1
DA:20,1
DA:21,1
DA:24,1
DA:26,1
DA:27,1
DA:30,1
DA:32,1
DA:35,1
DA:36,1
DA:38,1
DA:40,1
DA:41,1
DA:44,1
DA:49,1
LF:17
LH:17
BRF:0
BRH:0
end_of_record
TN:
SF:/Users/theGlenn/Developement/tenveux-back/lib/middlewares/bootstrap.js
FN:7,(anonymous_1)
FN:8,(anonymous_2)
FNF:2
FNH:2
FNDA:1,(anonymous_1)
FNDA:17,(anonymous_2)
DA:7,1
DA:8,1
DA:13,17
LF:3
LH:3
BRF:0
BRH:0
end_of_record
TN:
SF:/Users/theGlenn/Developement/tenveux-back/lib/middlewares/shutdown.js
FN:6,(anonymous_1)
FN:7,(anonymous_2)
FN:8,(anonymous_3)
FNF:3
FNH:3
FNDA:1,(anonymous_1)
FNDA:17,(anonymous_2)
FNDA:17,(anonymous_3)
DA:1,1
DA:6,1
DA:7,1
DA:8,17
DA:12,17
LF:5
LH:5
BRF:0
BRH:0
end_of_record
TN:
SF:/Users/theGlenn/Developement/tenveux-back/config/db.js
FNF:0
FNH:0
DA:11,1
LF:1
LH:1
BRF:0
BRH:0
end_of_record
TN:
SF:/Users/theGlenn/Developement/tenveux-back/lib/router.js
FN:20,(anonymous_1)
FNF:1
FNH:1
FNDA:1,(anonymous_1)
DA:1,1
DA:2,1
DA:3,1
DA:4,1
DA:6,1
DA:7,1
DA:8,1
DA:9,1
DA:10,1
DA:11,1
DA:13,1
DA:14,1
DA:16,1
DA:20,1
DA:22,1
DA:26,1
DA:27,1
DA:28,1
DA:29,1
DA:30,1
DA:31,1
DA:32,1
DA:33,1
DA:34,1
DA:35,1
DA:36,1
DA:37,1
DA:46,1
DA:47,1
DA:48,1
DA:50,1
DA:51,1
DA:52,1
DA:58,1
DA:62,1
DA:64,1
LF:36
LH:36
BRF:0
BRH:0
end_of_record
TN:
SF:/Users/theGlenn/Developement/tenveux-back/lib/middlewares/check-token.js
FN:3,(anonymous_1)
FN:4,(anonymous_2)
FN:9,(anonymous_3)
FNF:3
FNH:3
FNDA:18,(anonymous_1)
FNDA:6,(anonymous_2)
FNDA:5,(anonymous_3)
DA:1,1
DA:3,1
DA:4,18
DA:5,6
DA:6,1
DA:8,5
DA:10,5
DA:11,0
DA:13,5
DA:14,5
LF:10
LH:9
BRDA:5,1,0,1
BRDA:5,1,1,5
BRDA:10,2,0,0
BRDA:10,2,1,5
BRF:4
BRH:3
end_of_record
TN:
SF:/Users/theGlenn/Developement/tenveux-back/lib/models/user.js
FN:38,(anonymous_1)
FNF:1
FNH:1
FNDA:25,(anonymous_1)
DA:3,1
DA:4,1
DA:6,1
DA:15,1
DA:38,1
DA:39,25
DA:42,1
LF:7
LH:7
BRF:0
BRH:0
end_of_record
TN:
SF:/Users/theGlenn/Developement/tenveux-back/lib/models/proposition.js
FN:79,(anonymous_1)
FNF:1
FNH:1
FNDA:4,(anonymous_1)
DA:3,1
DA:4,1
DA:6,1
DA:15,1
DA:79,1
DA:80,4
DA:85,1
LF:7
LH:7
BRF:0
BRH:0
end_of_record
TN:
SF:/Users/theGlenn/Developement/tenveux-back/lib/controllers/user.js
FN:19,(anonymous_1)
FN:23,(anonymous_2)
FN:31,(anonymous_3)
FN:48,(anonymous_4)
FN:71,(anonymous_5)
FN:74,(anonymous_6)
FN:96,(anonymous_7)
FN:101,(anonymous_8)
FN:109,(anonymous_9)
FN:125,(anonymous_10)
FN:130,(anonymous_11)
FN:151,(anonymous_12)
FN:156,(anonymous_13)
FN:165,(anonymous_14)
FN:168,(anonymous_15)
FN:173,(anonymous_16)
FN:185,(anonymous_17)
FN:191,(anonymous_18)
FN:194,(anonymous_19)
FN:200,(anonymous_20)
FN:204,(anonymous_21)
FN:209,(anonymous_22)
FN:212,(anonymous_23)
FN:217,(anonymous_24)
FN:231,(anonymous_25)
FN:235,(anonymous_26)
FN:239,(anonymous_27)
FN:260,(anonymous_28)
FN:265,(anonymous_29)
FN:289,(anonymous_30)
FN:292,(anonymous_31)
FN:298,(anonymous_32)
FNF:32
FNH:9
FNDA:8,(anonymous_1)
FNDA:8,(anonymous_2)
FNDA:8,(anonymous_3)
FNDA:0,(anonymous_4)
FNDA:3,(anonymous_5)
FNDA:3,(anonymous_6)
FNDA:0,(anonymous_7)
FNDA:0,(anonymous_8)
FNDA:0,(anonymous_9)
FNDA:1,(anonymous_10)
FNDA:1,(anonymous_11)
FNDA:0,(anonymous_12)
FNDA:0,(anonymous_13)
FNDA:0,(anonymous_14)
FNDA:0,(anonymous_15)
FNDA:0,(anonymous_16)
FNDA:0,(anonymous_17)
FNDA:0,(anonymous_18)
FNDA:0,(anonymous_19)
FNDA:0,(anonymous_20)
FNDA:0,(anonymous_21)
FNDA:0,(anonymous_22)
FNDA:0,(anonymous_23)
FNDA:0,(anonymous_24)
FNDA:0,(anonymous_25)
FNDA:0,(anonymous_26)
FNDA:0,(anonymous_27)
FNDA:2,(anonymous_28)
FNDA:2,(anonymous_29)
FNDA:0,(anonymous_30)
FNDA:0,(anonymous_31)
FNDA:0,(anonymous_32)
DA:1,1
DA:2,1
DA:3,1
DA:4,1
DA:5,1
DA:6,1
DA:7,1
DA:9,1
DA:20,8
DA:21,8
DA:23,8
DA:25,8
DA:32,8
DA:35,8
DA:36,8
DA:45,0
DA:46,0
DA:49,0
DA:72,3
DA:75,3
DA:76,1
DA:80,2
DA:81,1
DA:85,1
DA:97,0
DA:102,0
DA:103,0
DA:105,0
DA:110,0
DA:111,0
DA:126,1
DA:128,1
DA:132,1
DA:133,1
DA:134,1
DA:135,1
DA:137,1
DA:139,0
DA:152,0
DA:153,0
DA:156,0
DA:157,0
DA:158,0
DA:160,0
DA:166,0
DA:169,0
DA:174,0
DA:186,0
DA:187,0
DA:192,0
DA:196,0
DA:202,0
DA:205,0
DA:210,0
DA:213,0
DA:218,0
DA:231,0
DA:232,0
DA:236,0
DA:239,0
DA:240,0
DA:241,0
DA:245,0
DA:261,2
DA:266,2
DA:267,0
DA:269,2
DA:270,1
DA:274,1
DA:290,0
DA:292,0
DA:293,0
DA:294,0
DA:299,0
DA:300,0
DA:302,0
DA:308,0
LF:77
LH:33
BRDA:32,1,0,0
BRDA:32,1,1,8
BRDA:35,2,0,8
BRDA:35,2,1,0
BRDA:75,3,0,1
BRDA:75,3,1,2
BRDA:80,4,0,1
BRDA:80,4,1,1
BRDA:102,5,0,0
BRDA:102,5,1,0
BRDA:110,6,0,0
BRDA:110,6,1,0
BRDA:132,7,0,1
BRDA:132,7,1,0
BRDA:133,8,0,1
BRDA:133,8,1,0
BRDA:152,9,0,0
BRDA:152,9,1,0
BRDA:157,10,0,0
BRDA:157,10,1,0
BRDA:240,11,0,0
BRDA:240,11,1,0
BRDA:240,12,0,0
BRDA:240,12,1,0
BRDA:266,13,0,0
BRDA:266,13,1,2
BRDA:269,14,0,1
BRDA:269,14,1,1
BRDA:293,15,0,0
BRDA:293,15,1,0
BRDA:299,16,0,0
BRDA:299,16,1,0
BRF:32
BRH:11
end_of_record
TN:
SF:/Users/theGlenn/Developement/tenveux-back/lib/models/answer.js
FN:24,(anonymous_1)
FNF:1
FNH:0
FNDA:0,(anonymous_1)
DA:3,1
DA:4,1
DA:6,1
DA:15,1
DA:24,1
DA:25,0
DA:29,1
LF:7
LH:6
BRF:0
BRH:0
end_of_record
TN:
SF:/Users/theGlenn/Developement/tenveux-back/lib/util/security.js
FN:6,(anonymous_1)
FN:12,(anonymous_2)
FNF:2
FNH:2
FNDA:8,(anonymous_1)
FNDA:8,(anonymous_2)
DA:1,1
DA:3,1
DA:7,8
DA:8,8
DA:13,8
DA:14,8
LF:6
LH:6
BRF:0
BRH:0
end_of_record
TN:
SF:/Users/theGlenn/Developement/tenveux-back/lib/controllers/proposition.js
FN:18,(anonymous_1)
FN:40,(anonymous_2)
FN:49,(anonymous_3)
FN:55,(anonymous_4)
FN:121,(anonymous_5)
FN:132,(anonymous_6)
FN:138,(anonymous_7)
FN:151,(anonymous_8)
FN:177,(anonymous_9)
FN:184,(anonymous_10)
FN:194,(anonymous_11)
FN:218,(anonymous_12)
FN:221,(anonymous_13)
FN:237,(anonymous_14)
FN:242,(anonymous_15)
FN:259,(anonymous_16)
FN:262,(anonymous_17)
FNF:17
FNH:4
FNDA:2,(anonymous_1)
FNDA:1,(anonymous_2)
FNDA:2,(anonymous_3)
FNDA:2,(anonymous_4)
FNDA:0,(anonymous_5)
FNDA:0,(anonymous_6)
FNDA:0,(anonymous_7)
FNDA:0,(anonymous_8)
FNDA:0,(anonymous_9)
FNDA:0,(anonymous_10)
FNDA:0,(anonymous_11)
FNDA:0,(anonymous_12)
FNDA:0,(anonymous_13)
FNDA:0,(anonymous_14)
FNDA:0,(anonymous_15)
FNDA:0,(anonymous_16)
FNDA:0,(anonymous_17)
DA:1,1
DA:2,1
DA:3,1
DA:5,1
DA:19,2
DA:21,2
DA:28,2
DA:33,2
DA:34,2
DA:36,2
DA:41,1
DA:42,1
DA:49,2
DA:50,2
DA:51,2
DA:56,2
DA:57,2
DA:122,0
DA:124,0
DA:125,0
DA:127,0
DA:133,0
DA:134,0
DA:139,0
DA:140,0
DA:144,0
DA:151,0
DA:152,0
DA:153,0
DA:155,0
DA:164,0
DA:178,0
DA:180,0
DA:185,0
DA:187,0
DA:194,0
DA:195,0
DA:196,0
DA:198,0
DA:206,0
DA:219,0
DA:221,0
DA:222,0
DA:223,0
DA:225,0
DA:238,0
DA:239,0
DA:240,0
DA:243,0
DA:244,0
DA:246,0
DA:247,0
DA:260,0
DA:262,0
DA:263,0
DA:264,0
DA:266,0
LF:57
LH:17
BRDA:33,1,0,2
BRDA:33,1,1,0
BRDA:41,2,0,1
BRDA:41,2,1,0
BRDA:50,3,0,2
BRDA:50,3,1,0
BRDA:56,4,0,2
BRDA:56,4,1,0
BRDA:133,5,0,0
BRDA:133,5,1,0
BRDA:139,6,0,0
BRDA:139,6,1,0
BRDA:152,7,0,0
BRDA:152,7,1,0
BRDA:185,8,0,0
BRDA:185,8,1,0
BRDA:195,9,0,0
BRDA:195,9,1,0
BRDA:222,10,0,0
BRDA:222,10,1,0
BRDA:243,11,0,0
BRDA:243,11,1,0
BRDA:263,12,0,0
BRDA:263,12,1,0
BRF:24
BRH:4
end_of_record
TN:
SF:/Users/theGlenn/Developement/tenveux-back/lib/controllers/answer.js
FN:14,(anonymous_1)
FN:15,(anonymous_2)
FNF:2
FNH:0
FNDA:0,(anonymous_1)
FNDA:0,(anonymous_2)
DA:1,1
DA:2,1
DA:3,1
DA:5,1
DA:15,0
DA:16,0
DA:17,0
DA:19,0
LF:8
LH:4
BRDA:16,1,0,0
BRDA:16,1,1,0
BRF:2
BRH:0
end_of_record
TN:
SF:/Users/theGlenn/Developement/tenveux-back/lib/controllers/media.js
FN:2,(anonymous_1)
FN:6,(anonymous_2)
FN:15,(anonymous_3)
FNF:3
FNH:0
FNDA:0,(anonymous_1)
FNDA:0,(anonymous_2)
FNDA:0,(anonymous_3)
DA:1,1
DA:3,0
DA:4,0
DA:5,0
DA:6,0
DA:7,0
DA:8,0
DA:10,0
DA:12,0
DA:13,0
DA:14,0
DA:15,0
DA:16,0
DA:25,1
LF:14
LH:2
BRF:0
BRH:0
end_of_record
TN:
SF:/Users/theGlenn/Developement/tenveux-back/config/url.js
FNF:0
FNH:0
DA:1,1
LF:1
LH:1
BRF:0
BRH:0
end_of_record
